2022.10.17 12:52:29 INFO  tracing is disabled for protocol LSP, to enable tracing of incoming and outgoing JSON messages create an empty file at /media/benjamin/1TB_Storage/Project_BigData/Group-12-DAAB/Prototypes/SparkExtractScalaPrototype/sprarkprototype/.metals/lsp.trace.json or /home/benjamin/.cache/metals/lsp.trace.json
2022.10.17 12:52:30 INFO  logging to file /media/benjamin/1TB_Storage/Project_BigData/Group-12-DAAB/Prototypes/SparkExtractScalaPrototype/sprarkprototype/.metals/metals.log
2022.10.17 12:52:30 INFO  Started: Metals version 0.11.9 in workspace '/media/benjamin/1TB_Storage/Project_BigData/Group-12-DAAB/Prototypes/SparkExtractScalaPrototype/sprarkprototype' for client Visual Studio Code 1.72.2.
2022.10.17 12:52:31 INFO  time: initialize in 1.11s
2022.10.17 12:52:33 WARN  Build server is not auto-connectable.
2022.10.17 12:52:33 WARN  no build target for: /media/benjamin/1TB_Storage/Project_BigData/Group-12-DAAB/Prototypes/SparkExtractScalaPrototype/sprarkprototype/src/main/scala/Main.scala
2022.10.17 12:52:35 INFO  no build target found for /media/benjamin/1TB_Storage/Project_BigData/Group-12-DAAB/Prototypes/SparkExtractScalaPrototype/sprarkprototype/src/main/scala/Main.scala. Using presentation compiler with project's scala-library version: 3.2.0
2022.10.17 12:52:35 WARN  no build target for: /media/benjamin/1TB_Storage/Project_BigData/Group-12-DAAB/Prototypes/SparkExtractScalaPrototype/sprarkprototype/build.sbt
2022.10.17 12:52:36 INFO  time: code lens generation in 1.09s
2022.10.17 12:52:36 INFO  time: code lens generation in 3.42s
2022.10.17 12:52:41 INFO  running '/usr/lib/jvm/java-17-openjdk-amd64/bin/java -Djline.terminal=jline.UnsupportedTerminal -Dsbt.log.noformat=true -Dfile.encoding=UTF-8 -jar /tmp/metals1522072611190743708/sbt-launch.jar -Dbloop.export-jar-classifiers=sources bloopInstall'
2022.10.17 12:52:41 WARN  no build target for: /media/benjamin/1TB_Storage/Project_BigData/Group-12-DAAB/Prototypes/SparkExtractScalaPrototype/sprarkprototype/project/metals.sbt
2022.10.17 12:52:41 WARN  no build target for: /media/benjamin/1TB_Storage/Project_BigData/Group-12-DAAB/Prototypes/SparkExtractScalaPrototype/sprarkprototype/project/project/metals.sbt
2022.10.17 12:52:41 INFO  skipping build import with status 'Started'
2022.10.17 12:52:42 INFO  [info] welcome to sbt 1.7.1 (Private Build Java 17.0.4)
2022.10.17 12:52:44 INFO  [info] loading global plugins from /home/benjamin/.sbt/1.0/plugins
2022.10.17 12:52:45 WARN  no build target for: /media/benjamin/1TB_Storage/Project_BigData/Group-12-DAAB/Prototypes/SparkExtractScalaPrototype/sprarkprototype/src/main/scala/Main.scala
2022.10.17 12:52:48 INFO  [info] loading settings for project sprarkprototype-build-build from metals.sbt ...
2022.10.17 12:52:48 INFO  [info] loading project definition from /media/benjamin/1TB_Storage/Project_BigData/Group-12-DAAB/Prototypes/SparkExtractScalaPrototype/sprarkprototype/project/project
2022.10.17 12:52:49 INFO  [info] loading settings for project sprarkprototype-build from metals.sbt ...
2022.10.17 12:52:49 INFO  [info] loading project definition from /media/benjamin/1TB_Storage/Project_BigData/Group-12-DAAB/Prototypes/SparkExtractScalaPrototype/sprarkprototype/project
2022.10.17 12:52:51 INFO  [success] Generated .bloop/sprarkprototype-build.json
2022.10.17 12:52:51 INFO  [success] Total time: 2 s, completed Oct 17, 2022, 12:52:51 PM
2022.10.17 12:52:53 INFO  [info] loading settings for project sprarkprototype from build.sbt ...
2022.10.17 12:52:53 INFO  [info] set current project to hello-world (in build file:/media/benjamin/1TB_Storage/Project_BigData/Group-12-DAAB/Prototypes/SparkExtractScalaPrototype/sprarkprototype/)
2022.10.17 12:52:55 INFO  [success] Generated .bloop/sprarkprototype-test.json
2022.10.17 12:52:55 INFO  [success] Generated .bloop/sprarkprototype.json
2022.10.17 12:52:55 INFO  [success] Total time: 1 s, completed Oct 17, 2022, 12:52:55 PM
2022.10.17 12:52:55 INFO  time: ran 'sbt bloopInstall' in 13s
2022.10.17 12:52:55 INFO  Attempting to connect to the build server...
2022.10.17 12:52:55 INFO  Bloop uses /usr/lib/jvm/java-17-openjdk-amd64 defined at /home/benjamin/.bloop/bloop.json
2022.10.17 12:52:55 INFO  tracing is disabled for protocol BSP, to enable tracing of incoming and outgoing JSON messages create an empty file at /media/benjamin/1TB_Storage/Project_BigData/Group-12-DAAB/Prototypes/SparkExtractScalaPrototype/sprarkprototype/.metals/bsp.trace.json or /home/benjamin/.cache/metals/bsp.trace.json
2022.10.17 12:52:57 INFO  Attempting to connect to the build server...
2022.10.17 12:52:57 INFO  Bloop uses /usr/lib/jvm/java-17-openjdk-amd64 defined at /home/benjamin/.bloop/bloop.json
2022.10.17 12:52:57 INFO  tracing is disabled for protocol BSP, to enable tracing of incoming and outgoing JSON messages create an empty file at /media/benjamin/1TB_Storage/Project_BigData/Group-12-DAAB/Prototypes/SparkExtractScalaPrototype/sprarkprototype/project/.metals/bsp.trace.json or /home/benjamin/.cache/metals/bsp.trace.json
2022.10.17 12:52:57 INFO  time: Connected to build server in 1.96s
2022.10.17 12:52:57 INFO  Connected to Build server: Bloop v1.5.4
2022.10.17 12:53:00 WARN  Could not find java sources in /usr/lib/jvm/src.zip, /usr/lib/jvm/lib/src.zip, /usr/lib/jvm/java-17-openjdk-amd64/src.zip, /usr/lib/jvm/java-17-openjdk-amd64/lib/src.zip. Java symbols will not be available.
2022.10.17 12:53:01 WARN  Could not find java sources in /usr/lib/jvm/src.zip, /usr/lib/jvm/lib/src.zip, /usr/lib/jvm/java-17-openjdk-amd64/src.zip, /usr/lib/jvm/java-17-openjdk-amd64/lib/src.zip. Java symbols will not be available.
2022.10.17 12:53:01 WARN  Could not find java sources in /usr/lib/jvm/src.zip, /usr/lib/jvm/lib/src.zip, /usr/lib/jvm/java-17-openjdk-amd64/src.zip, /usr/lib/jvm/java-17-openjdk-amd64/lib/src.zip. Java symbols will not be available.
2022.10.17 12:53:01 INFO  time: indexed workspace in 4.52s
2022.10.17 12:53:02 INFO  compiling sprarkprototype (1 scala source)
2022.10.17 12:53:14 INFO  time: compiled sprarkprototype in 12s
2022.10.17 12:53:27 INFO  compiling sprarkprototype (1 scala source)
2022.10.17 12:53:27 INFO  time: compiled sprarkprototype in 0.13s
2022.10.17 12:53:35 INFO  time: code lens generation in 1.3s
Exception in thread "pool-6-thread-1" java.lang.InterruptedException
	at scala.meta.internal.metals.FutureCancelToken.checkCanceled(FutureCancelToken.scala:29)
	at scala.meta.internal.pc.CompilerAccess.$anonfun$onCompilerJobQueue$1(CompilerAccess.scala:195)
	at scala.meta.internal.pc.CompilerJobQueue$Job.run(CompilerJobQueue.scala:152)
	at java.base/java.util.concurrent.ThreadPoolExecutor.runWorker(ThreadPoolExecutor.java:1136)
	at java.base/java.util.concurrent.ThreadPoolExecutor$Worker.run(ThreadPoolExecutor.java:635)
	at java.base/java.lang.Thread.run(Thread.java:833)
2022.10.17 12:54:12 INFO  running '/usr/lib/jvm/java-17-openjdk-amd64/bin/java -Djline.terminal=jline.UnsupportedTerminal -Dsbt.log.noformat=true -Dfile.encoding=UTF-8 -jar /tmp/metals10329378399621891208/sbt-launch.jar -Dbloop.export-jar-classifiers=sources bloopInstall'
2022.10.17 12:54:13 INFO  [info] welcome to sbt 1.7.1 (Private Build Java 17.0.4)
2022.10.17 12:54:15 INFO  [info] loading global plugins from /home/benjamin/.sbt/1.0/plugins
2022.10.17 12:54:16 INFO  [info] loading settings for project sprarkprototype-build-build from metals.sbt ...
2022.10.17 12:54:16 INFO  [info] loading project definition from /media/benjamin/1TB_Storage/Project_BigData/Group-12-DAAB/Prototypes/SparkExtractScalaPrototype/sprarkprototype/project/project
2022.10.17 12:54:16 INFO  [info] loading settings for project sprarkprototype-build from metals.sbt ...
2022.10.17 12:54:16 INFO  [info] loading project definition from /media/benjamin/1TB_Storage/Project_BigData/Group-12-DAAB/Prototypes/SparkExtractScalaPrototype/sprarkprototype/project
2022.10.17 12:54:18 INFO  [success] Generated .bloop/sprarkprototype-build.json
2022.10.17 12:54:18 INFO  [success] Total time: 2 s, completed Oct 17, 2022, 12:54:18 PM
2022.10.17 12:54:20 INFO  [info] loading settings for project sprarkprototype from build.sbt ...
2022.10.17 12:54:20 INFO  [info] set current project to hello-world (in build file:/media/benjamin/1TB_Storage/Project_BigData/Group-12-DAAB/Prototypes/SparkExtractScalaPrototype/sprarkprototype/)
2022.10.17 12:54:25 INFO  [error] Couldn't run bloopGenerate for sprarkprototype. Cause:
2022.10.17 12:54:25 INFO  [error] Incomplete(node=Some(Task(_)), tpe=Error, msg=None, causes=List(Incomplete(node=Some(Task(_)), tpe=Error, msg=None, causes=List(Incomplete(node=Some(Task((tags: Map(Tag(update) -> 1, Tag(network) -> 1), taskDefinitionKey: ScopedKey(Scope(Select(ProjectRef(file:/media/benjamin/1TB_Storage/Project_BigData/Group-12-DAAB/Prototypes/SparkExtractScalaPrototype/sprarkprototype/,sprarkprototype)), Zero, Zero, Zero),updateClassifiers)))), tpe=Error, msg=None, causes=List(Incomplete(node=Some(Task((taskDefinitionKey: ScopedKey(Scope(Select(ProjectRef(file:/media/benjamin/1TB_Storage/Project_BigData/Group-12-DAAB/Prototypes/SparkExtractScalaPrototype/sprarkprototype/,sprarkprototype)), Zero, Select(updateClassifiers), Zero),classifiersModule)))), tpe=Error, msg=None, causes=List(Incomplete(node=Some(Task((taskDefinitionKey: ScopedKey(Scope(Select(ProjectRef(file:/media/benjamin/1TB_Storage/Project_BigData/Group-12-DAAB/Prototypes/SparkExtractScalaPrototype/sprarkprototype/,sprarkprototype)), Zero, Zero, Zero),update)))), tpe=Error, msg=None, causes=List(Incomplete(node=Some(Task((tags: Map(Tag(update) -> 1, Tag(network) -> 1), taskDefinitionKey: ScopedKey(Scope(Select(ProjectRef(file:/media/benjamin/1TB_Storage/Project_BigData/Group-12-DAAB/Prototypes/SparkExtractScalaPrototype/sprarkprototype/,sprarkprototype)), Zero, Zero, Zero),update)))), tpe=Error, msg=None, causes=List(), directCause=Some(java.lang.RuntimeException: found version conflict(s) in library dependencies; some are suspected to be binary incompatible:
2022.10.17 12:54:25 INFO  [error] 
2022.10.17 12:54:25 INFO  [error] 	* org.scala-lang.modules:scala-parser-combinators_2.13:2.1.1 (early-semver) is selected over 1.1.2
2022.10.17 12:54:25 INFO  [error] 	    +- ch.epfl.scala:hello-world_2.13:1.0                 (depends on 2.1.1)
2022.10.17 12:54:25 INFO  [error] 	    +- org.apache.spark:spark-catalyst_2.13:3.3.0         (depends on 1.1.2)
2022.10.17 12:54:25 INFO  [error] 
2022.10.17 12:54:25 INFO  [error] 
2022.10.17 12:54:25 INFO  [error] Couldn't run bloopGenerate for sprarkprototype-test. Cause:
2022.10.17 12:54:25 INFO  [error] Incomplete(node=Some(Task(_)), tpe=Error, msg=None, causes=List(Incomplete(node=Some(Task(_)), tpe=Error, msg=None, causes=List(Incomplete(node=Some(Task((tags: Map(Tag(update) -> 1, Tag(network) -> 1), taskDefinitionKey: ScopedKey(Scope(Select(ProjectRef(file:/media/benjamin/1TB_Storage/Project_BigData/Group-12-DAAB/Prototypes/SparkExtractScalaPrototype/sprarkprototype/,sprarkprototype)), Zero, Zero, Zero),updateClassifiers)))), tpe=Error, msg=None, causes=List(Incomplete(node=Some(Task((taskDefinitionKey: ScopedKey(Scope(Select(ProjectRef(file:/media/benjamin/1TB_Storage/Project_BigData/Group-12-DAAB/Prototypes/SparkExtractScalaPrototype/sprarkprototype/,sprarkprototype)), Zero, Select(updateClassifiers), Zero),classifiersModule)))), tpe=Error, msg=None, causes=List(Incomplete(node=Some(Task((taskDefinitionKey: ScopedKey(Scope(Select(ProjectRef(file:/media/benjamin/1TB_Storage/Project_BigData/Group-12-DAAB/Prototypes/SparkExtractScalaPrototype/sprarkprototype/,sprarkprototype)), Zero, Zero, Zero),update)))), tpe=Error, msg=None, causes=List(Incomplete(node=Some(Task((tags: Map(Tag(update) -> 1, Tag(network) -> 1), taskDefinitionKey: ScopedKey(Scope(Select(ProjectRef(file:/media/benjamin/1TB_Storage/Project_BigData/Group-12-DAAB/Prototypes/SparkExtractScalaPrototype/sprarkprototype/,sprarkprototype)), Zero, Zero, Zero),update)))), tpe=Error, msg=None, causes=List(), directCause=Some(java.lang.RuntimeException: found version conflict(s) in library dependencies; some are suspected to be binary incompatible:
2022.10.17 12:54:25 INFO  [error] 
2022.10.17 12:54:25 INFO  [error] 	* org.scala-lang.modules:scala-parser-combinators_2.13:2.1.1 (early-semver) is selected over 1.1.2
2022.10.17 12:54:25 INFO  [error] 	    +- ch.epfl.scala:hello-world_2.13:1.0                 (depends on 2.1.1)
2022.10.17 12:54:25 INFO  [error] 	    +- org.apache.spark:spark-catalyst_2.13:3.3.0         (depends on 1.1.2)
2022.10.17 12:54:25 INFO  [error] 
2022.10.17 12:54:25 INFO  [error] 
2022.10.17 12:54:25 INFO  [error] this can be overridden using libraryDependencySchemes or evictionErrorLevel))), directCause=None)), directCause=None)), directCause=None)), directCause=None), Incomplete(node=Some(Task((taskDefinitionKey: ScopedKey(Scope(Select(ProjectRef(file:/media/benjamin/1TB_Storage/Project_BigData/Group-12-DAAB/Prototypes/SparkExtractScalaPrototype/sprarkprototype/,sprarkprototype)), Zero, Zero, Zero),update)))), tpe=Error, msg=None, causes=List(Incomplete(node=Some(Task((tags: Map(Tag(update) -> 1, Tag(network) -> 1), taskDefinitionKey: ScopedKey(Scope(Select(ProjectRef(file:/media/benjamin/1TB_Storage/Project_BigData/Group-12-DAAB/Prototypes/SparkExtractScalaPrototype/sprarkprototype/,sprarkprototype)), Zero, Zero, Zero),update)))), tpe=Error, msg=None, causes=List(), directCause=Some(java.lang.RuntimeException: found version conflict(s) in library dependencies; some are suspected to be binary incompatible:
2022.10.17 12:54:25 INFO  [error] 
2022.10.17 12:54:25 INFO  [error] 	* org.scala-lang.modules:scala-parser-combinators_2.13:2.1.1 (early-semver) is selected over 1.1.2
2022.10.17 12:54:25 INFO  [error] 	    +- ch.epfl.scala:hello-world_2.13:1.0                 (depends on 2.1.1)
2022.10.17 12:54:25 INFO  [error] 	    +- org.apache.spark:spark-catalyst_2.13:3.3.0         (depends on 1.1.2)
2022.10.17 12:54:25 INFO  [error] 
2022.10.17 12:54:25 INFO  [error] 
2022.10.17 12:54:25 INFO  [error] this can be overridden using libraryDependencySchemes or evictionErrorLevel))), directCause=None), Incomplete(node=Some(Task(_)), tpe=Error, msg=None, causes=List(Incomplete(node=Some(Task(_)), tpe=Error, msg=None, causes=List(Incomplete(node=Some(Task((taskDefinitionKey: ScopedKey(Scope(Select(ProjectRef(file:/media/benjamin/1TB_Storage/Project_BigData/Group-12-DAAB/Prototypes/SparkExtractScalaPrototype/sprarkprototype/,sprarkprototype)), Select(ConfigKey(test)), Zero, Zero),externalDependencyClasspath)))), tpe=Error, msg=None, causes=List(Incomplete(node=Some(Task(_)), tpe=Error, msg=None, causes=List(Incomplete(node=Some(Task((taskDefinitionKey: ScopedKey(Scope(Select(ProjectRef(file:/media/benjamin/1TB_Storage/Project_BigData/Group-12-DAAB/Prototypes/SparkExtractScalaPrototype/sprarkprototype/,sprarkprototype)), Select(ConfigKey(test)), Zero, Zero),managedClasspath)))), tpe=Error, msg=None, causes=List(Incomplete(node=Some(Task(_)), tpe=Error, msg=None, causes=List(Incomplete(node=Some(Task((taskDefinitionKey: ScopedKey(Scope(Select(ProjectRef(file:/media/benjamin/1TB_Storage/Project_BigData/Group-12-DAAB/Prototypes/SparkExtractScalaPrototype/sprarkprototype/,sprarkprototype)), Zero, Zero, Zero),update)))), tpe=Error, msg=None, causes=List(Incomplete(node=Some(Task((tags: Map(Tag(update) -> 1, Tag(network) -> 1), taskDefinitionKey: ScopedKey(Scope(Select(ProjectRef(file:/media/benjamin/1TB_Storage/Project_BigData/Group-12-DAAB/Prototypes/SparkExtractScalaPrototype/sprarkprototype/,sprarkprototype)), Zero, Zero, Zero),update)))), tpe=Error, msg=None, causes=List(), directCause=Some(java.lang.RuntimeException: found version conflict(s) in library dependencies; some are suspected to be binary incompatible:
2022.10.17 12:54:25 INFO  [error] 
2022.10.17 12:54:25 INFO  [error] 	* org.scala-lang.modules:scala-parser-combinators_2.13:2.1.1 (early-semver) is selected over 1.1.2
2022.10.17 12:54:25 INFO  [error] 	    +- ch.epfl.scala:hello-world_2.13:1.0                 (depends on 2.1.1)
2022.10.17 12:54:25 INFO  [error] 	    +- org.apache.spark:spark-catalyst_2.13:3.3.0         (depends on 1.1.2)
2022.10.17 12:54:25 INFO  [error] 
2022.10.17 12:54:25 INFO  [error] 
2022.10.17 12:54:25 INFO  [error] this can be overridden using libraryDependencySchemes or evictionErrorLevel))), directCause=None), Incomplete(node=Some(Task((taskDefinitionKey: ScopedKey(Scope(Select(ProjectRef(file:/media/benjamin/1TB_Storage/Project_BigData/Group-12-DAAB/Prototypes/SparkExtractScalaPrototype/sprarkprototype/,sprarkprototype)), Select(ConfigKey(test)), Zero, Zero),classpathConfiguration)))), tpe=Error, msg=None, causes=List(Incomplete(node=Some(Task((taskDefinitionKey: ScopedKey(Scope(Select(ProjectRef(file:/media/benjamin/1TB_Storage/Project_BigData/Group-12-DAAB/Prototypes/SparkExtractScalaPrototype/sprarkprototype/,sprarkprototype)), Zero, Zero, Zero),update)))), tpe=Error, msg=None, causes=List(Incomplete(node=Some(Task((tags: Map(Tag(update) -> 1, Tag(network) -> 1), taskDefinitionKey: ScopedKey(Scope(Select(ProjectRef(file:/media/benjamin/1TB_Storage/Project_BigData/Group-12-DAAB/Prototypes/SparkExtractScalaPrototype/sprarkprototype/,sprarkprototype)), Zero, Zero, Zero),update)))), tpe=Error, msg=None, causes=List(), directCause=Some(java.lang.RuntimeException: found version conflict(s) in library dependencies; some are suspected to be binary incompatible:
2022.10.17 12:54:25 INFO  [error] 
2022.10.17 12:54:25 INFO  [error] 	* org.scala-lang.modules:scala-parser-combinators_2.13:2.1.1 (early-semver) is selected over 1.1.2
2022.10.17 12:54:25 INFO  [error] 	    +- ch.epfl.scala:hello-world_2.13:1.0                 (depends on 2.1.1)
2022.10.17 12:54:25 INFO  [error] 	    +- org.apache.spark:spark-catalyst_2.13:3.3.0         (depends on 1.1.2)
2022.10.17 12:54:25 INFO  [error] 
2022.10.17 12:54:25 INFO  [error] 
2022.10.17 12:54:25 INFO  [error] this can be overridden using libraryDependencySchemes or evictionErrorLevel))), directCause=None), Incomplete(node=Some(Task((taskDefinitionKey: ScopedKey(Scope(Select(ProjectRef(file:/media/benjamin/1TB_Storage/Project_BigData/Group-12-DAAB/Prototypes/SparkExtractScalaPrototype/sprarkprototype/,sprarkprototype)), Select(ConfigKey(runtime)), Zero, Zero),classpathConfiguration)))), tpe=Error, msg=None, causes=List(Incomplete(node=Some(Task((taskDefinitionKey: ScopedKey(Scope(Select(ProjectRef(file:/media/benjamin/1TB_Storage/Project_BigData/Group-12-DAAB/Prototypes/SparkExtractScalaPrototype/sprarkprototype/,sprarkprototype)), Zero, Zero, Zero),update)))), tpe=Error, msg=None, causes=List(Incomplete(node=Some(Task((tags: Map(Tag(update) -> 1, Tag(network) -> 1), taskDefinitionKey: ScopedKey(Scope(Select(ProjectRef(file:/media/benjamin/1TB_Storage/Project_BigData/Group-12-DAAB/Prototypes/SparkExtractScalaPrototype/sprarkprototype/,sprarkprototype)), Zero, Zero, Zero),update)))), tpe=Error, msg=None, causes=List(), directCause=Some(java.lang.RuntimeException: found version conflict(s) in library dependencies; some are suspected to be binary incompatible:
2022.10.17 12:54:25 INFO  [error] 
2022.10.17 12:54:25 INFO  [error] 	* org.scala-lang.modules:scala-parser-combinators_2.13:2.1.1 (early-semver) is selected over 1.1.2
2022.10.17 12:54:25 INFO  [error] 	    +- ch.epfl.scala:hello-world_2.13:1.0                 (depends on 2.1.1)
2022.10.17 12:54:25 INFO  [error] 	    +- org.apache.spark:spark-catalyst_2.13:3.3.0         (depends on 1.1.2)
2022.10.17 12:54:25 INFO  [error] 
2022.10.17 12:54:25 INFO  [error] 
2022.10.17 12:54:25 INFO  [error] this can be overridden using libraryDependencySchemes or evictionErrorLevel))), directCause=None), Incomplete(node=Some(Task((taskDefinitionKey: ScopedKey(Scope(Select(ProjectRef(file:/media/benjamin/1TB_Storage/Project_BigData/Group-12-DAAB/Prototypes/SparkExtractScalaPrototype/sprarkprototype/,sprarkprototype)), Select(ConfigKey(compile)), Zero, Zero),classpathConfiguration)))), tpe=Error, msg=None, causes=List(Incomplete(node=Some(Task((taskDefinitionKey: ScopedKey(Scope(Select(ProjectRef(file:/media/benjamin/1TB_Storage/Project_BigData/Group-12-DAAB/Prototypes/SparkExtractScalaPrototype/sprarkprototype/,sprarkprototype)), Zero, Zero, Zero),update)))), tpe=Error, msg=None, causes=List(Incomplete(node=Some(Task((tags: Map(Tag(update) -> 1, Tag(network) -> 1), taskDefinitionKey: ScopedKey(Scope(Select(ProjectRef(file:/media/benjamin/1TB_Storage/Project_BigData/Group-12-DAAB/Prototypes/SparkExtractScalaPrototype/sprarkprototype/,sprarkprototype)), Zero, Zero, Zero),update)))), tpe=Error, msg=None, causes=List(), directCause=Some(java.lang.RuntimeException: found version conflict(s) in library dependencies; some are suspected to be binary incompatible:
2022.10.17 12:54:25 INFO  [error] 
2022.10.17 12:54:25 INFO  [error] 	* org.scala-lang.modules:scala-parser-combinators_2.13:2.1.1 (early-semver) is selected over 1.1.2
2022.10.17 12:54:25 INFO  [error] 	    +- ch.epfl.scala:hello-world_2.13:1.0                 (depends on 2.1.1)
2022.10.17 12:54:25 INFO  [error] 	    +- org.apache.spark:spark-catalyst_2.13:3.3.0         (depends on 1.1.2)
2022.10.17 12:54:25 INFO  [error] 
2022.10.17 12:54:25 INFO  [error] 
2022.10.17 12:54:25 INFO  [error] this can be overridden using libraryDependencySchemes or evictionErrorLevel))), directCause=None)), directCause=None)), directCause=None)), directCause=None)), directCause=None)), directCause=None)), directCause=None)), directCause=None)), directCause=None)), directCause=None), Incomplete(node=Some(Task((taskDefinitionKey: ScopedKey(Scope(Select(ProjectRef(file:/media/benjamin/1TB_Storage/Project_BigData/Group-12-DAAB/Prototypes/SparkExtractScalaPrototype/sprarkprototype/,sprarkprototype)), Select(ConfigKey(test)), Zero, Zero),bloopInternalClasspath)))), tpe=Error, msg=None, causes=List(Incomplete(node=Some(Task(_)), tpe=Error, msg=None, causes=List(Incomplete(node=Some(Task((taskDefinitionKey: ScopedKey(Scope(Select(ProjectRef(file:/media/benjamin/1TB_Storage/Project_BigData/Group-12-DAAB/Prototypes/SparkExtractScalaPrototype/sprarkprototype/,sprarkprototype)), Select(ConfigKey(test)), Zero, Zero),classpathConfiguration)))), tpe=Error, msg=None, causes=List(Incomplete(node=Some(Task((taskDefinitionKey: ScopedKey(Scope(Select(ProjectRef(file:/media/benjamin/1TB_Storage/Project_BigData/Group-12-DAAB/Prototypes/SparkExtractScalaPrototype/sprarkprototype/,sprarkprototype)), Zero, Zero, Zero),update)))), tpe=Error, msg=None, causes=List(Incomplete(node=Some(Task((tags: Map(Tag(update) -> 1, Tag(network) -> 1), taskDefinitionKey: ScopedKey(Scope(Select(ProjectRef(file:/media/benjamin/1TB_Storage/Project_BigData/Group-12-DAAB/Prototypes/SparkExtractScalaPrototype/sprarkprototype/,sprarkprototype)), Zero, Zero, Zero),update)))), tpe=Error, msg=None, causes=List(), directCause=Some(java.lang.RuntimeException: found version conflict(s) in library dependencies; some are suspected to be binary incompatible:
2022.10.17 12:54:25 INFO  [error] 
2022.10.17 12:54:25 INFO  [error] 	* org.scala-lang.modules:scala-parser-combinators_2.13:2.1.1 (early-semver) is selected over 1.1.2
2022.10.17 12:54:25 INFO  [error] 	    +- ch.epfl.scala:hello-world_2.13:1.0                 (depends on 2.1.1)
2022.10.17 12:54:25 INFO  [error] 	    +- org.apache.spark:spark-catalyst_2.13:3.3.0         (depends on 1.1.2)
2022.10.17 12:54:25 INFO  [error] 
2022.10.17 12:54:25 INFO  [error] 
2022.10.17 12:54:25 INFO  [error] this can be overridden using libraryDependencySchemes or evictionErrorLevel))), directCause=None), Incomplete(node=Some(Task((taskDefinitionKey: ScopedKey(Scope(Select(ProjectRef(file:/media/benjamin/1TB_Storage/Project_BigData/Group-12-DAAB/Prototypes/SparkExtractScalaPrototype/sprarkprototype/,sprarkprototype)), Select(ConfigKey(runtime)), Zero, Zero),classpathConfiguration)))), tpe=Error, msg=None, causes=List(Incomplete(node=Some(Task((taskDefinitionKey: ScopedKey(Scope(Select(ProjectRef(file:/media/benjamin/1TB_Storage/Project_BigData/Group-12-DAAB/Prototypes/SparkExtractScalaPrototype/sprarkprototype/,sprarkprototype)), Zero, Zero, Zero),update)))), tpe=Error, msg=None, causes=List(Incomplete(node=Some(Task((tags: Map(Tag(update) -> 1, Tag(network) -> 1), taskDefinitionKey: ScopedKey(Scope(Select(ProjectRef(file:/media/benjamin/1TB_Storage/Project_BigData/Group-12-DAAB/Prototypes/SparkExtractScalaPrototype/sprarkprototype/,sprarkprototype)), Zero, Zero, Zero),update)))), tpe=Error, msg=None, causes=List(), directCause=Some(java.lang.RuntimeException: found version conflict(s) in library dependencies; some are suspected to be binary incompatible:
2022.10.17 12:54:25 INFO  [error] 
2022.10.17 12:54:25 INFO  [error] 	* org.scala-lang.modules:scala-parser-combinators_2.13:2.1.1 (early-semver) is selected over 1.1.2
2022.10.17 12:54:25 INFO  [error] 	    +- ch.epfl.scala:hello-world_2.13:1.0                 (depends on 2.1.1)
2022.10.17 12:54:25 INFO  [error] 	    +- org.apache.spark:spark-catalyst_2.13:3.3.0         (depends on 1.1.2)
2022.10.17 12:54:25 INFO  [error] 
2022.10.17 12:54:25 INFO  [error] 
2022.10.17 12:54:25 INFO  [error] this can be overridden using libraryDependencySchemes or evictionErrorLevel))), directCause=None), Incomplete(node=Some(Task((taskDefinitionKey: ScopedKey(Scope(Select(ProjectRef(file:/media/benjamin/1TB_Storage/Project_BigData/Group-12-DAAB/Prototypes/SparkExtractScalaPrototype/sprarkprototype/,sprarkprototype)), Select(ConfigKey(compile)), Zero, Zero),classpathConfiguration)))), tpe=Error, msg=None, causes=List(Incomplete(node=Some(Task((taskDefinitionKey: ScopedKey(Scope(Select(ProjectRef(file:/media/benjamin/1TB_Storage/Project_BigData/Group-12-DAAB/Prototypes/SparkExtractScalaPrototype/sprarkprototype/,sprarkprototype)), Zero, Zero, Zero),update)))), tpe=Error, msg=None, causes=List(Incomplete(node=Some(Task((tags: Map(Tag(update) -> 1, Tag(network) -> 1), taskDefinitionKey: ScopedKey(Scope(Select(ProjectRef(file:/media/benjamin/1TB_Storage/Project_BigData/Group-12-DAAB/Prototypes/SparkExtractScalaPrototype/sprarkprototype/,sprarkprototype)), Zero, Zero, Zero),update)))), tpe=Error, msg=None, causes=List(), directCause=Some(java.lang.RuntimeException: found version conflict(s) in library dependencies; some are suspected to be binary incompatible:
2022.10.17 12:54:25 INFO  [error] 
2022.10.17 12:54:25 INFO  [error] 	* org.scala-lang.modules:scala-parser-combinators_2.13:2.1.1 (early-semver) is selected over 1.1.2
2022.10.17 12:54:25 INFO  [error] 	    +- ch.epfl.scala:hello-world_2.13:1.0                 (depends on 2.1.1)
2022.10.17 12:54:25 INFO  [error] 	    +- org.apache.spark:spark-catalyst_2.13:3.3.0         (depends on 1.1.2)
2022.10.17 12:54:25 INFO  [error] 
2022.10.17 12:54:25 INFO  [error] 
2022.10.17 12:54:25 INFO  [error] this can be overridden using libraryDependencySchemes or evictionErrorLevel))), directCause=None)), directCause=None)), directCause=None)), directCause=None)), directCause=None)), directCause=None), Incomplete(node=Some(Task((taskDefinitionKey: ScopedKey(Scope(Select(ProjectRef(file:/media/benjamin/1TB_Storage/Project_BigData/Group-12-DAAB/Prototypes/SparkExtractScalaPrototype/sprarkprototype/,sprarkprototype)), Select(ConfigKey(test)), Zero, Zero),scalacOptions)))), tpe=Error, msg=None, causes=List(Incomplete(node=Some(Task((taskDefinitionKey: ScopedKey(Scope(Select(ProjectRef(file:/media/benjamin/1TB_Storage/Project_BigData/Group-12-DAAB/Prototypes/SparkExtractScalaPrototype/sprarkprototype/,sprarkprototype)), Select(ConfigKey(test)), Zero, Zero),scalacOptions)))), tpe=Error, msg=None, causes=List(Incomplete(node=Some(Task((taskDefinitionKey: ScopedKey(Scope(Select(ProjectRef(file:/media/benjamin/1TB_Storage/Project_BigData/Group-12-DAAB/Prototypes/SparkExtractScalaPrototype/sprarkprototype/,sprarkprototype)), Select(ConfigKey(test)), Zero, Zero),scalacOptions)))), tpe=Error, msg=None, causes=List(Incomplete(node=Some(Task((taskDefinitionKey: ScopedKey(Scope(Select(ProjectRef(file:/media/benjamin/1TB_Storage/Project_BigData/Group-12-DAAB/Prototypes/SparkExtractScalaPrototype/sprarkprototype/,sprarkprototype)), Zero, Zero, Zero),update)))), tpe=Error, msg=None, causes=List(Incomplete(node=Some(Task((tags: Map(Tag(update) -> 1, Tag(network) -> 1), taskDefinitionKey: ScopedKey(Scope(Select(ProjectRef(file:/media/benjamin/1TB_Storage/Project_BigData/Group-12-DAAB/Prototypes/SparkExtractScalaPrototype/sprarkprototype/,sprarkprototype)), Zero, Zero, Zero),update)))), tpe=Error, msg=None, causes=List(), directCause=Some(java.lang.RuntimeException: found version conflict(s) in library dependencies; some are suspected to be binary incompatible:
2022.10.17 12:54:25 INFO  [error] 
2022.10.17 12:54:25 INFO  [error] 	* org.scala-lang.modules:scala-parser-combinators_2.13:2.1.1 (early-semver) is selected over 1.1.2
2022.10.17 12:54:25 INFO  [error] 	    +- ch.epfl.scala:hello-world_2.13:1.0                 (depends on 2.1.1)
2022.10.17 12:54:25 INFO  [error] 	    +- org.apache.spark:spark-catalyst_2.13:3.3.0         (depends on 1.1.2)
2022.10.17 12:54:25 INFO  [error] 
2022.10.17 12:54:25 INFO  [error] 
2022.10.17 12:54:25 INFO  [error] this can be overridden using libraryDependencySchemes or evictionErrorLevel))), directCause=None), Incomplete(node=Some(Task((taskDefinitionKey: ScopedKey(Scope(Select(ProjectRef(file:/media/benjamin/1TB_Storage/Project_BigData/Group-12-DAAB/Prototypes/SparkExtractScalaPrototype/sprarkprototype/,sprarkprototype)), Select(ConfigKey(test)), Zero, Zero),scalacOptions)))), tpe=Error, msg=None, causes=List(Incomplete(node=Some(Task((taskDefinitionKey: ScopedKey(Scope(Select(ProjectRef(file:/media/benjamin/1TB_Storage/Project_BigData/Group-12-DAAB/Prototypes/SparkExtractScalaPrototype/sprarkprototype/,sprarkprototype)), Select(ConfigKey(test)), Zero, Zero),scalacOptions)))), tpe=Error, msg=None, causes=List(Incomplete(node=Some(Task((taskDefinitionKey: ScopedKey(Scope(Select(ProjectRef(file:/media/benjamin/1TB_Storage/Project_BigData/Group-12-DAAB/Prototypes/SparkExtractScalaPrototype/sprarkprototype/,sprarkprototype)), Select(ConfigKey(compile)), Zero, Zero),scalacOptions)))), tpe=Error, msg=None, causes=List(Incomplete(node=Some(Task((taskDefinitionKey: ScopedKey(Scope(Select(ProjectRef(file:/media/benjamin/1TB_Storage/Project_BigData/Group-12-DAAB/Prototypes/SparkExtractScalaPrototype/sprarkprototype/,sprarkprototype)), Select(ConfigKey(compile)), Zero, Zero),scalacOptions)))), tpe=Error, msg=None, causes=List(Incomplete(node=Some(Task((taskDefinitionKey: ScopedKey(Scope(Select(ProjectRef(file:/media/benjamin/1TB_Storage/Project_BigData/Group-12-DAAB/Prototypes/SparkExtractScalaPrototype/sprarkprototype/,sprarkprototype)), Select(ConfigKey(compile)), Zero, Zero),scalacOptions)))), tpe=Error, msg=None, causes=List(Incomplete(node=Some(Task((taskDefinitionKey: ScopedKey(Scope(Select(ProjectRef(file:/media/benjamin/1TB_Storage/Project_BigData/Group-12-DAAB/Prototypes/SparkExtractScalaPrototype/sprarkprototype/,sprarkprototype)), Select(ConfigKey(compile)), Zero, Zero),scalacOptions)))), tpe=Error, msg=None, causes=List(Incomplete(node=Some(Task((taskDefinitionKey: ScopedKey(Scope(Select(ProjectRef(file:/media/benjamin/1TB_Storage/Project_BigData/Group-12-DAAB/Prototypes/SparkExtractScalaPrototype/sprarkprototype/,sprarkprototype)), Select(ConfigKey(compile)), Zero, Zero),scalacOptions)))), tpe=Error, msg=None, causes=List(Incomplete(node=Some(Task((taskDefinitionKey: ScopedKey(Scope(Select(ProjectRef(file:/media/benjamin/1TB_Storage/Project_BigData/Group-12-DAAB/Prototypes/SparkExtractScalaPrototype/sprarkprototype/,sprarkprototype)), Zero, Zero, Zero),update)))), tpe=Error, msg=None, causes=List(Incomplete(node=Some(Task((tags: Map(Tag(update) -> 1, Tag(network) -> 1), taskDefinitionKey: ScopedKey(Scope(Select(ProjectRef(file:/media/benjamin/1TB_Storage/Project_BigData/Group-12-DAAB/Prototypes/SparkExtractScalaPrototype/sprarkprototype/,sprarkprototype)), Zero, Zero, Zero),update)))), tpe=Error, msg=None, causes=List(), directCause=Some(java.lang.RuntimeException: found version conflict(s) in library dependencies; some are suspected to be binary incompatible:
2022.10.17 12:54:25 INFO  [error] 
2022.10.17 12:54:25 INFO  [error] 	* org.scala-lang.modules:scala-parser-combinators_2.13:2.1.1 (early-semver) is selected over 1.1.2
2022.10.17 12:54:25 INFO  [error] 	    +- ch.epfl.scala:hello-world_2.13:1.0                 (depends on 2.1.1)
2022.10.17 12:54:25 INFO  [error] 	    +- org.apache.spark:spark-catalyst_2.13:3.3.0         (depends on 1.1.2)
2022.10.17 12:54:25 INFO  [error] 
2022.10.17 12:54:25 INFO  [error] 
2022.10.17 12:54:25 INFO  [error] this can be overridden using libraryDependencySchemes or evictionErrorLevel))), directCause=None)), directCause=None)), directCause=None)), directCause=None)), directCause=None)), directCause=None)), directCause=None)), directCause=None)), directCause=None)), directCause=None)), directCause=None), Incomplete(node=Some(Task(_)), tpe=Error, msg=None, causes=List(Incomplete(node=Some(Task((taskDefinitionKey: ScopedKey(Scope(Select(ProjectRef(file:/media/benjamin/1TB_Storage/Project_BigData/Group-12-DAAB/Prototypes/SparkExtractScalaPrototype/sprarkprototype/,sprarkprototype)), Select(ConfigKey(test)), Zero, Zero),externalDependencyClasspath)))), tpe=Error, msg=None, causes=List(Incomplete(node=Some(Task(_)), tpe=Error, msg=None, causes=List(Incomplete(node=Some(Task((taskDefinitionKey: ScopedKey(Scope(Select(ProjectRef(file:/media/benjamin/1TB_Storage/Project_BigData/Group-12-DAAB/Prototypes/SparkExtractScalaPrototype/sprarkprototype/,sprarkprototype)), Select(ConfigKey(test)), Zero, Zero),managedClasspath)))), tpe=Error, msg=None, causes=List(Incomplete(node=Some(Task(_)), tpe=Error, msg=None, causes=List(Incomplete(node=Some(Task((taskDefinitionKey: ScopedKey(Scope(Select(ProjectRef(file:/media/benjamin/1TB_Storage/Project_BigData/Group-12-DAAB/Prototypes/SparkExtractScalaPrototype/sprarkprototype/,sprarkprototype)), Zero, Zero, Zero),update)))), tpe=Error, msg=None, causes=List(Incomplete(node=Some(Task((tags: Map(Tag(update) -> 1, Tag(network) -> 1), taskDefinitionKey: ScopedKey(Scope(Select(ProjectRef(file:/media/benjamin/1TB_Storage/Project_BigData/Group-12-DAAB/Prototypes/SparkExtractScalaPrototype/sprarkprototype/,sprarkprototype)), Zero, Zero, Zero),update)))), tpe=Error, msg=None, causes=List(), directCause=Some(java.lang.RuntimeException: found version conflict(s) in library dependencies; some are suspected to be binary incompatible:
2022.10.17 12:54:25 INFO  [error] 
2022.10.17 12:54:25 INFO  [error] 	* org.scala-lang.modules:scala-parser-combinators_2.13:2.1.1 (early-semver) is selected over 1.1.2
2022.10.17 12:54:25 INFO  [error] 	    +- ch.epfl.scala:hello-world_2.13:1.0                 (depends on 2.1.1)
2022.10.17 12:54:25 INFO  [error] 	    +- org.apache.spark:spark-catalyst_2.13:3.3.0         (depends on 1.1.2)
2022.10.17 12:54:25 INFO  [error] 
2022.10.17 12:54:25 INFO  [error] 
2022.10.17 12:54:25 INFO  [error] this can be overridden using libraryDependencySchemes or evictionErrorLevel))), directCause=None), Incomplete(node=Some(Task((taskDefinitionKey: ScopedKey(Scope(Select(ProjectRef(file:/media/benjamin/1TB_Storage/Project_BigData/Group-12-DAAB/Prototypes/SparkExtractScalaPrototype/sprarkprototype/,sprarkprototype)), Select(ConfigKey(test)), Zero, Zero),classpathConfiguration)))), tpe=Error, msg=None, causes=List(Incomplete(node=Some(Task((taskDefinitionKey: ScopedKey(Scope(Select(ProjectRef(file:/media/benjamin/1TB_Storage/Project_BigData/Group-12-DAAB/Prototypes/SparkExtractScalaPrototype/sprarkprototype/,sprarkprototype)), Zero, Zero, Zero),update)))), tpe=Error, msg=None, causes=List(Incomplete(node=Some(Task((tags: Map(Tag(update) -> 1, Tag(network) -> 1), taskDefinitionKey: ScopedKey(Scope(Select(ProjectRef(file:/media/benjamin/1TB_Storage/Project_BigData/Group-12-DAAB/Prototypes/SparkExtractScalaPrototype/sprarkprototype/,sprarkprototype)), Zero, Zero, Zero),update)))), tpe=Error, msg=None, causes=List(), directCause=Some(java.lang.RuntimeException: found version conflict(s) in library dependencies; some are suspected to be binary incompatible:
2022.10.17 12:54:25 INFO  [error] 
2022.10.17 12:54:25 INFO  [error] 	* org.scala-lang.modules:scala-parser-combinators_2.13:2.1.1 (early-semver) is selected over 1.1.2
2022.10.17 12:54:25 INFO  [error] 	    +- ch.epfl.scala:hello-world_2.13:1.0                 (depends on 2.1.1)
2022.10.17 12:54:25 INFO  [error] 	    +- org.apache.spark:spark-catalyst_2.13:3.3.0         (depends on 1.1.2)
2022.10.17 12:54:25 INFO  [error] 
2022.10.17 12:54:25 INFO  [error] 
2022.10.17 12:54:25 INFO  [error] this can be overridden using libraryDependencySchemes or evictionErrorLevel))), directCause=None), Incomplete(node=Some(Task((taskDefinitionKey: ScopedKey(Scope(Select(ProjectRef(file:/media/benjamin/1TB_Storage/Project_BigData/Group-12-DAAB/Prototypes/SparkExtractScalaPrototype/sprarkprototype/,sprarkprototype)), Select(ConfigKey(runtime)), Zero, Zero),classpathConfiguration)))), tpe=Error, msg=None, causes=List(Incomplete(node=Some(Task((taskDefinitionKey: ScopedKey(Scope(Select(ProjectRef(file:/media/benjamin/1TB_Storage/Project_BigData/Group-12-DAAB/Prototypes/SparkExtractScalaPrototype/sprarkprototype/,sprarkprototype)), Zero, Zero, Zero),update)))), tpe=Error, msg=None, causes=List(Incomplete(node=Some(Task((tags: Map(Tag(update) -> 1, Tag(network) -> 1), taskDefinitionKey: ScopedKey(Scope(Select(ProjectRef(file:/media/benjamin/1TB_Storage/Project_BigData/Group-12-DAAB/Prototypes/SparkExtractScalaPrototype/sprarkprototype/,sprarkprototype)), Zero, Zero, Zero),update)))), tpe=Error, msg=None, causes=List(), directCause=Some(java.lang.RuntimeException: found version conflict(s) in library dependencies; some are suspected to be binary incompatible:
2022.10.17 12:54:25 INFO  [error] 
2022.10.17 12:54:25 INFO  [error] 	* org.scala-lang.modules:scala-parser-combinators_2.13:2.1.1 (early-semver) is selected over 1.1.2
2022.10.17 12:54:25 INFO  [error] 	    +- ch.epfl.scala:hello-world_2.13:1.0                 (depends on 2.1.1)
2022.10.17 12:54:25 INFO  [error] 	    +- org.apache.spark:spark-catalyst_2.13:3.3.0         (depends on 1.1.2)
2022.10.17 12:54:25 INFO  [error] 
2022.10.17 12:54:25 INFO  [error] 
2022.10.17 12:54:25 INFO  [error] this can be overridden using libraryDependencySchemes or evictionErrorLevel))), directCause=None), Incomplete(node=Some(Task((taskDefinitionKey: ScopedKey(Scope(Select(ProjectRef(file:/media/benjamin/1TB_Storage/Project_BigData/Group-12-DAAB/Prototypes/SparkExtractScalaPrototype/sprarkprototype/,sprarkprototype)), Select(ConfigKey(compile)), Zero, Zero),classpathConfiguration)))), tpe=Error, msg=None, causes=List(Incomplete(node=Some(Task((taskDefinitionKey: ScopedKey(Scope(Select(ProjectRef(file:/media/benjamin/1TB_Storage/Project_BigData/Group-12-DAAB/Prototypes/SparkExtractScalaPrototype/sprarkprototype/,sprarkprototype)), Zero, Zero, Zero),update)))), tpe=Error, msg=None, causes=List(Incomplete(node=Some(Task((tags: Map(Tag(update) -> 1, Tag(network) -> 1), taskDefinitionKey: ScopedKey(Scope(Select(ProjectRef(file:/media/benjamin/1TB_Storage/Project_BigData/Group-12-DAAB/Prototypes/SparkExtractScalaPrototype/sprarkprototype/,sprarkprototype)), Zero, Zero, Zero),update)))), tpe=Error, msg=None, causes=List(), directCause=Some(java.lang.RuntimeException: found version conflict(s) in library dependencies; some are suspected to be binary incompatible:
2022.10.17 12:54:25 INFO  [error] 
2022.10.17 12:54:25 INFO  [error] 	* org.scala-lang.modules:scala-parser-combinators_2.13:2.1.1 (early-semver) is selected over 1.1.2
2022.10.17 12:54:25 INFO  [error] 	    +- ch.epfl.scala:hello-world_2.13:1.0                 (depends on 2.1.1)
2022.10.17 12:54:25 INFO  [error] 	    +- org.apache.spark:spark-catalyst_2.13:3.3.0         (depends on 1.1.2)
2022.10.17 12:54:25 INFO  [error] 
2022.10.17 12:54:25 INFO  [error] 
2022.10.17 12:54:25 INFO  [error] this can be overridden using libraryDependencySchemes or evictionErrorLevel))), directCause=None)), directCause=None)), directCause=None)), directCause=None)), directCause=None)), directCause=None)), directCause=None)), directCause=None), Incomplete(node=Some(Task((taskDefinitionKey: ScopedKey(Scope(Select(ProjectRef(file:/media/benjamin/1TB_Storage/Project_BigData/Group-12-DAAB/Prototypes/SparkExtractScalaPrototype/sprarkprototype/,sprarkprototype)), Select(ConfigKey(test)), Zero, Zero),bloopInternalClasspath)))), tpe=Error, msg=None, causes=List(Incomplete(node=Some(Task(_)), tpe=Error, msg=None, causes=List(Incomplete(node=Some(Task((taskDefinitionKey: ScopedKey(Scope(Select(ProjectRef(file:/media/benjamin/1TB_Storage/Project_BigData/Group-12-DAAB/Prototypes/SparkExtractScalaPrototype/sprarkprototype/,sprarkprototype)), Select(ConfigKey(test)), Zero, Zero),classpathConfiguration)))), tpe=Error, msg=None, causes=List(Incomplete(node=Some(Task((taskDefinitionKey: ScopedKey(Scope(Select(ProjectRef(file:/media/benjamin/1TB_Storage/Project_BigData/Group-12-DAAB/Prototypes/SparkExtractScalaPrototype/sprarkprototype/,sprarkprototype)), Zero, Zero, Zero),update)))), tpe=Error, msg=None, causes=List(Incomplete(node=Some(Task((tags: Map(Tag(update) -> 1, Tag(network) -> 1), taskDefinitionKey: ScopedKey(Scope(Select(ProjectRef(file:/media/benjamin/1TB_Storage/Project_BigData/Group-12-DAAB/Prototypes/SparkExtractScalaPrototype/sprarkprototype/,sprarkprototype)), Zero, Zero, Zero),update)))), tpe=Error, msg=None, causes=List(), directCause=Some(java.lang.RuntimeException: found version conflict(s) in library dependencies; some are suspected to be binary incompatible:
2022.10.17 12:54:25 INFO  [error] 
2022.10.17 12:54:25 INFO  [error] 	* org.scala-lang.modules:scala-parser-combinators_2.13:2.1.1 (early-semver) is selected over 1.1.2
2022.10.17 12:54:25 INFO  [error] 	    +- ch.epfl.scala:hello-world_2.13:1.0                 (depends on 2.1.1)
2022.10.17 12:54:25 INFO  [error] 	    +- org.apache.spark:spark-catalyst_2.13:3.3.0         (depends on 1.1.2)
2022.10.17 12:54:25 INFO  [error] 
2022.10.17 12:54:25 INFO  [error] 
2022.10.17 12:54:25 INFO  [error] this can be overridden using libraryDependencySchemes or evictionErrorLevel))), directCause=None), Incomplete(node=Some(Task((taskDefinitionKey: ScopedKey(Scope(Select(ProjectRef(file:/media/benjamin/1TB_Storage/Project_BigData/Group-12-DAAB/Prototypes/SparkExtractScalaPrototype/sprarkprototype/,sprarkprototype)), Select(ConfigKey(runtime)), Zero, Zero),classpathConfiguration)))), tpe=Error, msg=None, causes=List(Incomplete(node=Some(Task((taskDefinitionKey: ScopedKey(Scope(Select(ProjectRef(file:/media/benjamin/1TB_Storage/Project_BigData/Group-12-DAAB/Prototypes/SparkExtractScalaPrototype/sprarkprototype/,sprarkprototype)), Zero, Zero, Zero),update)))), tpe=Error, msg=None, causes=List(Incomplete(node=Some(Task((tags: Map(Tag(update) -> 1, Tag(network) -> 1), taskDefinitionKey: ScopedKey(Scope(Select(ProjectRef(file:/media/benjamin/1TB_Storage/Project_BigData/Group-12-DAAB/Prototypes/SparkExtractScalaPrototype/sprarkprototype/,sprarkprototype)), Zero, Zero, Zero),update)))), tpe=Error, msg=None, causes=List(), directCause=Some(java.lang.RuntimeException: found version conflict(s) in library dependencies; some are suspected to be binary incompatible:
2022.10.17 12:54:25 INFO  [error] 
2022.10.17 12:54:25 INFO  [error] 	* org.scala-lang.modules:scala-parser-combinators_2.13:2.1.1 (early-semver) is selected over 1.1.2
2022.10.17 12:54:25 INFO  [error] 	    +- ch.epfl.scala:hello-world_2.13:1.0                 (depends on 2.1.1)
2022.10.17 12:54:25 INFO  [error] 	    +- org.apache.spark:spark-catalyst_2.13:3.3.0         (depends on 1.1.2)
2022.10.17 12:54:25 INFO  [error] 
2022.10.17 12:54:25 INFO  [error] 
2022.10.17 12:54:25 INFO  [error] this can be overridden using libraryDependencySchemes or evictionErrorLevel))), directCause=None), Incomplete(node=Some(Task((taskDefinitionKey: ScopedKey(Scope(Select(ProjectRef(file:/media/benjamin/1TB_Storage/Project_BigData/Group-12-DAAB/Prototypes/SparkExtractScalaPrototype/sprarkprototype/,sprarkprototype)), Select(ConfigKey(compile)), Zero, Zero),classpathConfiguration)))), tpe=Error, msg=None, causes=List(Incomplete(node=Some(Task((taskDefinitionKey: ScopedKey(Scope(Select(ProjectRef(file:/media/benjamin/1TB_Storage/Project_BigData/Group-12-DAAB/Prototypes/SparkExtractScalaPrototype/sprarkprototype/,sprarkprototype)), Zero, Zero, Zero),update)))), tpe=Error, msg=None, causes=List(Incomplete(node=Some(Task((tags: Map(Tag(update) -> 1, Tag(network) -> 1), taskDefinitionKey: ScopedKey(Scope(Select(ProjectRef(file:/media/benjamin/1TB_Storage/Project_BigData/Group-12-DAAB/Prototypes/SparkExtractScalaPrototype/sprarkprototype/,sprarkprototype)), Zero, Zero, Zero),update)))), tpe=Error, msg=None, causes=List(), directCause=Some(java.lang.RuntimeException: found version conflict(s) in library dependencies; some are suspected to be binary incompatible:
2022.10.17 12:54:25 INFO  [error] 
2022.10.17 12:54:25 INFO  [error] 	* org.scala-lang.modules:scala-parser-combinators_2.13:2.1.1 (early-semver) is selected over 1.1.2
2022.10.17 12:54:25 INFO  [error] 	    +- ch.epfl.scala:hello-world_2.13:1.0                 (depends on 2.1.1)
2022.10.17 12:54:25 INFO  [error] 	    +- org.apache.spark:spark-catalyst_2.13:3.3.0         (depends on 1.1.2)
2022.10.17 12:54:25 INFO  [error] 
2022.10.17 12:54:25 INFO  [error] 
2022.10.17 12:54:25 INFO  [error] this can be overridden using libraryDependencySchemes or evictionErrorLevel))), directCause=None)), directCause=None)), directCause=None)), directCause=None), Incomplete(node=Some(Task((taskDefinitionKey: ScopedKey(Scope(Select(ProjectRef(file:/media/benjamin/1TB_Storage/Project_BigData/Group-12-DAAB/Prototypes/SparkExtractScalaPrototype/sprarkprototype/,sprarkprototype)), Zero, Zero, Zero),update)))), tpe=Error, msg=None, causes=List(Incomplete(node=Some(Task((tags: Map(Tag(update) -> 1, Tag(network) -> 1), taskDefinitionKey: ScopedKey(Scope(Select(ProjectRef(file:/media/benjamin/1TB_Storage/Project_BigData/Group-12-DAAB/Prototypes/SparkExtractScalaPrototype/sprarkprototype/,sprarkprototype)), Zero, Zero, Zero),update)))), tpe=Error, msg=None, causes=List(), directCause=Some(java.lang.RuntimeException: found version conflict(s) in library dependencies; some are suspected to be binary incompatible:
2022.10.17 12:54:25 INFO  [error] 
2022.10.17 12:54:25 INFO  [error] 	* org.scala-lang.modules:scala-parser-combinators_2.13:2.1.1 (early-semver) is selected over 1.1.2
2022.10.17 12:54:25 INFO  [error] 	    +- ch.epfl.scala:hello-world_2.13:1.0                 (depends on 2.1.1)
2022.10.17 12:54:25 INFO  [error] 	    +- org.apache.spark:spark-catalyst_2.13:3.3.0         (depends on 1.1.2)
2022.10.17 12:54:25 INFO  [error] 
2022.10.17 12:54:25 INFO  [error] 
2022.10.17 12:54:25 INFO  [error] this can be overridden using libraryDependencySchemes or evictionErrorLevel))), directCause=None), Incomplete(node=Some(Task(_)), tpe=Error, msg=None, causes=List(Incomplete(node=Some(Task(_)), tpe=Error, msg=None, causes=List(Incomplete(node=Some(Task((taskDefinitionKey: ScopedKey(Scope(Select(ProjectRef(file:/media/benjamin/1TB_Storage/Project_BigData/Group-12-DAAB/Prototypes/SparkExtractScalaPrototype/sprarkprototype/,sprarkprototype)), Select(ConfigKey(compile)), Zero, Zero),externalDependencyClasspath)))), tpe=Error, msg=None, causes=List(Incomplete(node=Some(Task(_)), tpe=Error, msg=None, causes=List(Incomplete(node=Some(Task((taskDefinitionKey: ScopedKey(Scope(Select(ProjectRef(file:/media/benjamin/1TB_Storage/Project_BigData/Group-12-DAAB/Prototypes/SparkExtractScalaPrototype/sprarkprototype/,sprarkprototype)), Select(ConfigKey(compile)), Zero, Zero),managedClasspath)))), tpe=Error, msg=None, causes=List(Incomplete(node=Some(Task(_)), tpe=Error, msg=None, causes=List(Incomplete(node=Some(Task((taskDefinitionKey: ScopedKey(Scope(Select(ProjectRef(file:/media/benjamin/1TB_Storage/Project_BigData/Group-12-DAAB/Prototypes/SparkExtractScalaPrototype/sprarkprototype/,sprarkprototype)), Zero, Zero, Zero),update)))), tpe=Error, msg=None, causes=List(Incomplete(node=Some(Task((tags: Map(Tag(update) -> 1, Tag(network) -> 1), taskDefinitionKey: ScopedKey(Scope(Select(ProjectRef(file:/media/benjamin/1TB_Storage/Project_BigData/Group-12-DAAB/Prototypes/SparkExtractScalaPrototype/sprarkprototype/,sprarkprototype)), Zero, Zero, Zero),update)))), tpe=Error, msg=None, causes=List(), directCause=Some(java.lang.RuntimeException: found version conflict(s) in library dependencies; some are suspected to be binary incompatible:
2022.10.17 12:54:25 INFO  [error] 
2022.10.17 12:54:25 INFO  [error] 	* org.scala-lang.modules:scala-parser-combinators_2.13:2.1.1 (early-semver) is selected over 1.1.2
2022.10.17 12:54:25 INFO  [error] 	    +- ch.epfl.scala:hello-world_2.13:1.0                 (depends on 2.1.1)
2022.10.17 12:54:25 INFO  [error] 	    +- org.apache.spark:spark-catalyst_2.13:3.3.0         (depends on 1.1.2)
2022.10.17 12:54:25 INFO  [error] 
2022.10.17 12:54:25 INFO  [error] 
2022.10.17 12:54:25 INFO  [error] this can be overridden using libraryDependencySchemes or evictionErrorLevel))), directCause=None), Incomplete(node=Some(Task((taskDefinitionKey: ScopedKey(Scope(Select(ProjectRef(file:/media/benjamin/1TB_Storage/Project_BigData/Group-12-DAAB/Prototypes/SparkExtractScalaPrototype/sprarkprototype/,sprarkprototype)), Select(ConfigKey(compile)), Zero, Zero),classpathConfiguration)))), tpe=Error, msg=None, causes=List(Incomplete(node=Some(Task((taskDefinitionKey: ScopedKey(Scope(Select(ProjectRef(file:/media/benjamin/1TB_Storage/Project_BigData/Group-12-DAAB/Prototypes/SparkExtractScalaPrototype/sprarkprototype/,sprarkprototype)), Zero, Zero, Zero),update)))), tpe=Error, msg=None, causes=List(Incomplete(node=Some(Task((tags: Map(Tag(update) -> 1, Tag(network) -> 1), taskDefinitionKey: ScopedKey(Scope(Select(ProjectRef(file:/media/benjamin/1TB_Storage/Project_BigData/Group-12-DAAB/Prototypes/SparkExtractScalaPrototype/sprarkprototype/,sprarkprototype)), Zero, Zero, Zero),update)))), tpe=Error, msg=None, causes=List(), directCause=Some(java.lang.RuntimeException: found version conflict(s) in library dependencies; some are suspected to be binary incompatible:
2022.10.17 12:54:25 INFO  [error] 
2022.10.17 12:54:25 INFO  [error] 	* org.scala-lang.modules:scala-parser-combinators_2.13:2.1.1 (early-semver) is selected over 1.1.2
2022.10.17 12:54:25 INFO  [error] 	    +- ch.epfl.scala:hello-world_2.13:1.0                 (depends on 2.1.1)
2022.10.17 12:54:25 INFO  [error] 	    +- org.apache.spark:spark-catalyst_2.13:3.3.0         (depends on 1.1.2)
2022.10.17 12:54:25 INFO  [error] 
2022.10.17 12:54:25 INFO  [error] 
2022.10.17 12:54:25 INFO  [error] this can be overridden using libraryDependencySchemes or evictionErrorLevel))), directCause=None)), directCause=None)), directCause=None)), directCause=None)), directCause=None)), directCause=None)), directCause=None)), directCause=None), Incomplete(node=Some(Task((taskDefinitionKey: ScopedKey(Scope(Select(ProjectRef(file:/media/benjamin/1TB_Storage/Project_BigData/Group-12-DAAB/Prototypes/SparkExtractScalaPrototype/sprarkprototype/,sprarkprototype)), Select(ConfigKey(compile)), Zero, Zero),bloopInternalClasspath)))), tpe=Error, msg=None, causes=List(Incomplete(node=Some(Task(_)), tpe=Error, msg=None, causes=List(Incomplete(node=Some(Task((taskDefinitionKey: ScopedKey(Scope(Select(ProjectRef(file:/media/benjamin/1TB_Storage/Project_BigData/Group-12-DAAB/Prototypes/SparkExtractScalaPrototype/sprarkprototype/,sprarkprototype)), Select(ConfigKey(compile)), Zero, Zero),classpathConfiguration)))), tpe=Error, msg=None, causes=List(Incomplete(node=Some(Task((taskDefinitionKey: ScopedKey(Scope(Select(ProjectRef(file:/media/benjamin/1TB_Storage/Project_BigData/Group-12-DAAB/Prototypes/SparkExtractScalaPrototype/sprarkprototype/,sprarkprototype)), Zero, Zero, Zero),update)))), tpe=Error, msg=None, causes=List(Incomplete(node=Some(Task((tags: Map(Tag(update) -> 1, Tag(network) -> 1), taskDefinitionKey: ScopedKey(Scope(Select(ProjectRef(file:/media/benjamin/1TB_Storage/Project_BigData/Group-12-DAAB/Prototypes/SparkExtractScalaPrototype/sprarkprototype/,sprarkprototype)), Zero, Zero, Zero),update)))), tpe=Error, msg=None, causes=List(), directCause=Some(java.lang.RuntimeException: found version conflict(s) in library dependencies; some are suspected to be binary incompatible:
2022.10.17 12:54:25 INFO  [error] 
2022.10.17 12:54:25 INFO  [error] 	* org.scala-lang.modules:scala-parser-combinators_2.13:2.1.1 (early-semver) is selected over 1.1.2
2022.10.17 12:54:25 INFO  [error] 	    +- ch.epfl.scala:hello-world_2.13:1.0                 (depends on 2.1.1)
2022.10.17 12:54:25 INFO  [error] 	    +- org.apache.spark:spark-catalyst_2.13:3.3.0         (depends on 1.1.2)
2022.10.17 12:54:25 INFO  [error] 
2022.10.17 12:54:25 INFO  [error] 
2022.10.17 12:54:25 INFO  [error] this can be overridden using libraryDependencySchemes or evictionErrorLevel))), directCause=None)), directCause=None)), directCause=None)), directCause=None), Incomplete(node=Some(Task((taskDefinitionKey: ScopedKey(Scope(Select(ProjectRef(file:/media/benjamin/1TB_Storage/Project_BigData/Group-12-DAAB/Prototypes/SparkExtractScalaPrototype/sprarkprototype/,sprarkprototype)), Select(ConfigKey(compile)), Zero, Zero),scalacOptions)))), tpe=Error, msg=None, causes=List(Incomplete(node=Some(Task((taskDefinitionKey: ScopedKey(Scope(Select(ProjectRef(file:/media/benjamin/1TB_Storage/Project_BigData/Group-12-DAAB/Prototypes/SparkExtractScalaPrototype/sprarkprototype/,sprarkprototype)), Select(ConfigKey(compile)), Zero, Zero),scalacOptions)))), tpe=Error, msg=None, causes=List(Incomplete(node=Some(Task((taskDefinitionKey: ScopedKey(Scope(Select(ProjectRef(file:/media/benjamin/1TB_Storage/Project_BigData/Group-12-DAAB/Prototypes/SparkExtractScalaPrototype/sprarkprototype/,sprarkprototype)), Select(ConfigKey(compile)), Zero, Zero),scalacOptions)))), tpe=Error, msg=None, causes=List(Incomplete(node=Some(Task((taskDefinitionKey: ScopedKey(Scope(Select(ProjectRef(file:/media/benjamin/1TB_Storage/Project_BigData/Group-12-DAAB/Prototypes/SparkExtractScalaPrototype/sprarkprototype/,sprarkprototype)), Select(ConfigKey(compile)), Zero, Zero),scalacOptions)))), tpe=Error, msg=None, causes=List(Incomplete(node=Some(Task((taskDefinitionKey: ScopedKey(Scope(Select(ProjectRef(file:/media/benjamin/1TB_Storage/Project_BigData/Group-12-DAAB/Prototypes/SparkExtractScalaPrototype/sprarkprototype/,sprarkprototype)), Select(ConfigKey(compile)), Zero, Zero),scalacOptions)))), tpe=Error, msg=None, causes=List(Incomplete(node=Some(Task((taskDefinitionKey: ScopedKey(Scope(Select(ProjectRef(file:/media/benjamin/1TB_Storage/Project_BigData/Group-12-DAAB/Prototypes/SparkExtractScalaPrototype/sprarkprototype/,sprarkprototype)), Zero, Zero, Zero),update)))), tpe=Error, msg=None, causes=List(Incomplete(node=Some(Task((tags: Map(Tag(update) -> 1, Tag(network) -> 1), taskDefinitionKey: ScopedKey(Scope(Select(ProjectRef(file:/media/benjamin/1TB_Storage/Project_BigData/Group-12-DAAB/Prototypes/SparkExtractScalaPrototype/sprarkprototype/,sprarkprototype)), Zero, Zero, Zero),update)))), tpe=Error, msg=None, causes=List(), directCause=Some(java.lang.RuntimeException: found version conflict(s) in library dependencies; some are suspected to be binary incompatible:
2022.10.17 12:54:25 INFO  [error] 
2022.10.17 12:54:25 INFO  [error] 	* org.scala-lang.modules:scala-parser-combinators_2.13:2.1.1 (early-semver) is selected over 1.1.2
2022.10.17 12:54:25 INFO  [error] 	    +- ch.epfl.scala:hello-world_2.13:1.0                 (depends on 2.1.1)
2022.10.17 12:54:25 INFO  [error] 	    +- org.apache.spark:spark-catalyst_2.13:3.3.0         (depends on 1.1.2)
2022.10.17 12:54:25 INFO  [error] 
2022.10.17 12:54:25 INFO  [error] 
2022.10.17 12:54:25 INFO  [error] this can be overridden using libraryDependencySchemes or evictionErrorLevel))), directCause=None)), directCause=None)), directCause=None)), directCause=None)), directCause=None)), directCause=None), Incomplete(node=Some(Task(_)), tpe=Error, msg=None, causes=List(Incomplete(node=Some(Task((taskDefinitionKey: ScopedKey(Scope(Select(ProjectRef(file:/media/benjamin/1TB_Storage/Project_BigData/Group-12-DAAB/Prototypes/SparkExtractScalaPrototype/sprarkprototype/,sprarkprototype)), Select(ConfigKey(compile)), Zero, Zero),externalDependencyClasspath)))), tpe=Error, msg=None, causes=List(Incomplete(node=Some(Task(_)), tpe=Error, msg=None, causes=List(Incomplete(node=Some(Task((taskDefinitionKey: ScopedKey(Scope(Select(ProjectRef(file:/media/benjamin/1TB_Storage/Project_BigData/Group-12-DAAB/Prototypes/SparkExtractScalaPrototype/sprarkprototype/,sprarkprototype)), Select(ConfigKey(compile)), Zero, Zero),managedClasspath)))), tpe=Error, msg=None, causes=List(Incomplete(node=Some(Task(_)), tpe=Error, msg=None, causes=List(Incomplete(node=Some(Task((taskDefinitionKey: ScopedKey(Scope(Select(ProjectRef(file:/media/benjamin/1TB_Storage/Project_BigData/Group-12-DAAB/Prototypes/SparkExtractScalaPrototype/sprarkprototype/,sprarkprototype)), Zero, Zero, Zero),update)))), tpe=Error, msg=None, causes=List(Incomplete(node=Some(Task((tags: Map(Tag(update) -> 1, Tag(network) -> 1), taskDefinitionKey: ScopedKey(Scope(Select(ProjectRef(file:/media/benjamin/1TB_Storage/Project_BigData/Group-12-DAAB/Prototypes/SparkExtractScalaPrototype/sprarkprototype/,sprarkprototype)), Zero, Zero, Zero),update)))), tpe=Error, msg=None, causes=List(), directCause=Some(java.lang.RuntimeException: found version conflict(s) in library dependencies; some are suspected to be binary incompatible:
2022.10.17 12:54:25 INFO  [error] 
2022.10.17 12:54:25 INFO  [error] 	* org.scala-lang.modules:scala-parser-combinators_2.13:2.1.1 (early-semver) is selected over 1.1.2
2022.10.17 12:54:25 INFO  [error] 	    +- ch.epfl.scala:hello-world_2.13:1.0                 (depends on 2.1.1)
2022.10.17 12:54:25 INFO  [error] 	    +- org.apache.spark:spark-catalyst_2.13:3.3.0         (depends on 1.1.2)
2022.10.17 12:54:25 INFO  [error] 
2022.10.17 12:54:25 INFO  [error] 
2022.10.17 12:54:25 INFO  [error] this can be overridden using libraryDependencySchemes or evictionErrorLevel))), directCause=None), Incomplete(node=Some(Task((taskDefinitionKey: ScopedKey(Scope(Select(ProjectRef(file:/media/benjamin/1TB_Storage/Project_BigData/Group-12-DAAB/Prototypes/SparkExtractScalaPrototype/sprarkprototype/,sprarkprototype)), Select(ConfigKey(compile)), Zero, Zero),classpathConfiguration)))), tpe=Error, msg=None, causes=List(Incomplete(node=Some(Task((taskDefinitionKey: ScopedKey(Scope(Select(ProjectRef(file:/media/benjamin/1TB_Storage/Project_BigData/Group-12-DAAB/Prototypes/SparkExtractScalaPrototype/sprarkprototype/,sprarkprototype)), Zero, Zero, Zero),update)))), tpe=Error, msg=None, causes=List(Incomplete(node=Some(Task((tags: Map(Tag(update) -> 1, Tag(network) -> 1), taskDefinitionKey: ScopedKey(Scope(Select(ProjectRef(file:/media/benjamin/1TB_Storage/Project_BigData/Group-12-DAAB/Prototypes/SparkExtractScalaPrototype/sprarkprototype/,sprarkprototype)), Zero, Zero, Zero),update)))), tpe=Error, msg=None, causes=List(), directCause=Some(java.lang.RuntimeException: found version conflict(s) in library dependencies; some are suspected to be binary incompatible:
2022.10.17 12:54:25 INFO  [error] 
2022.10.17 12:54:25 INFO  [error] 	* org.scala-lang.modules:scala-parser-combinators_2.13:2.1.1 (early-semver) is selected over 1.1.2
2022.10.17 12:54:25 INFO  [error] 	    +- ch.epfl.scala:hello-world_2.13:1.0                 (depends on 2.1.1)
2022.10.17 12:54:25 INFO  [error] 	    +- org.apache.spark:spark-catalyst_2.13:3.3.0         (depends on 1.1.2)
2022.10.17 12:54:25 INFO  [error] 
2022.10.17 12:54:25 INFO  [error] 
2022.10.17 12:54:25 INFO  [error] this can be overridden using libraryDependencySchemes or evictionErrorLevel))), directCause=None)), directCause=None)), directCause=None)), directCause=None)), directCause=None)), directCause=None), Incomplete(node=Some(Task((taskDefinitionKey: ScopedKey(Scope(Select(ProjectRef(file:/media/benjamin/1TB_Storage/Project_BigData/Group-12-DAAB/Prototypes/SparkExtractScalaPrototype/sprarkprototype/,sprarkprototype)), Select(ConfigKey(compile)), Zero, Zero),bloopInternalClasspath)))), tpe=Error, msg=None, causes=List(Incomplete(node=Some(Task(_)), tpe=Error, msg=None, causes=List(Incomplete(node=Some(Task((taskDefinitionKey: ScopedKey(Scope(Select(ProjectRef(file:/media/benjamin/1TB_Storage/Project_BigData/Group-12-DAAB/Prototypes/SparkExtractScalaPrototype/sprarkprototype/,sprarkprototype)), Select(ConfigKey(compile)), Zero, Zero),classpathConfiguration)))), tpe=Error, msg=None, causes=List(Incomplete(node=Some(Task((taskDefinitionKey: ScopedKey(Scope(Select(ProjectRef(file:/media/benjamin/1TB_Storage/Project_BigData/Group-12-DAAB/Prototypes/SparkExtractScalaPrototype/sprarkprototype/,sprarkprototype)), Zero, Zero, Zero),update)))), tpe=Error, msg=None, causes=List(Incomplete(node=Some(Task((tags: Map(Tag(update) -> 1, Tag(network) -> 1), taskDefinitionKey: ScopedKey(Scope(Select(ProjectRef(file:/media/benjamin/1TB_Storage/Project_BigData/Group-12-DAAB/Prototypes/SparkExtractScalaPrototype/sprarkprototype/,sprarkprototype)), Zero, Zero, Zero),update)))), tpe=Error, msg=None, causes=List(), directCause=Some(java.lang.RuntimeException: found version conflict(s) in library dependencies; some are suspected to be binary incompatible:
2022.10.17 12:54:25 INFO  [error] 
2022.10.17 12:54:25 INFO  [error] 	* org.scala-lang.modules:scala-parser-combinators_2.13:2.1.1 (early-semver) is selected over 1.1.2
2022.10.17 12:54:25 INFO  [error] 	    +- ch.epfl.scala:hello-world_2.13:1.0                 (depends on 2.1.1)
2022.10.17 12:54:25 INFO  [error] 	    +- org.apache.spark:spark-catalyst_2.13:3.3.0         (depends on 1.1.2)
2022.10.17 12:54:25 INFO  [error] 
2022.10.17 12:54:25 INFO  [error] 
2022.10.17 12:54:25 INFO  [error] this can be overridden using libraryDependencySchemes or evictionErrorLevel))), directCause=None)), directCause=None)), directCause=None)), directCause=None)), directCause=None), Incomplete(node=Some(Task((taskDefinitionKey: ScopedKey(Scope(Select(ProjectRef(file:/media/benjamin/1TB_Storage/Project_BigData/Group-12-DAAB/Prototypes/SparkExtractScalaPrototype/sprarkprototype/,sprarkprototype)), Zero, Zero, Zero),scalaInstance)))), tpe=Error, msg=None, causes=List(Incomplete(node=Some(Task(_)), tpe=Error, msg=None, causes=List(Incomplete(node=Some(Task((taskDefinitionKey: ScopedKey(Scope(Select(ProjectRef(file:/media/benjamin/1TB_Storage/Project_BigData/Group-12-DAAB/Prototypes/SparkExtractScalaPrototype/sprarkprototype/,sprarkprototype)), Zero, Zero, Zero),update)))), tpe=Error, msg=None, causes=List(Incomplete(node=Some(Task((tags: Map(Tag(update) -> 1, Tag(network) -> 1), taskDefinitionKey: ScopedKey(Scope(Select(ProjectRef(file:/media/benjamin/1TB_Storage/Project_BigData/Group-12-DAAB/Prototypes/SparkExtractScalaPrototype/sprarkprototype/,sprarkprototype)), Zero, Zero, Zero),update)))), tpe=Error, msg=None, causes=List(), directCause=Some(java.lang.RuntimeException: found version conflict(s) in library dependencies; some are suspected to be binary incompatible:
2022.10.17 12:54:25 INFO  [error] 
2022.10.17 12:54:25 INFO  [error] 	* org.scala-lang.modules:scala-parser-combinators_2.13:2.1.1 (early-semver) is selected over 1.1.2
2022.10.17 12:54:25 INFO  [error] 	    +- ch.epfl.scala:hello-world_2.13:1.0                 (depends on 2.1.1)
2022.10.17 12:54:25 INFO  [error] 	    +- org.apache.spark:spark-catalyst_2.13:3.3.0         (depends on 1.1.2)
2022.10.17 12:54:25 INFO  [error] 
2022.10.17 12:54:25 INFO  [error] 
2022.10.17 12:54:25 INFO  [error] this can be overridden using libraryDependencySchemes or evictionErrorLevel))), directCause=None)), directCause=None)), directCause=None)), directCause=None)
2022.10.17 12:54:25 INFO  [error] this can be overridden using libraryDependencySchemes or evictionErrorLevel))), directCause=None)), directCause=None)), directCause=None)), directCause=None)), directCause=None)), directCause=None)), directCause=None), Incomplete(node=Some(Task((taskDefinitionKey: ScopedKey(Scope(Select(ProjectRef(file:/media/benjamin/1TB_Storage/Project_BigData/Group-12-DAAB/Prototypes/SparkExtractScalaPrototype/sprarkprototype/,sprarkprototype)), Zero, Zero, Zero),scalaInstance)))), tpe=Error, msg=None, causes=List(Incomplete(node=Some(Task(_)), tpe=Error, msg=None, causes=List(Incomplete(node=Some(Task((taskDefinitionKey: ScopedKey(Scope(Select(ProjectRef(file:/media/benjamin/1TB_Storage/Project_BigData/Group-12-DAAB/Prototypes/SparkExtractScalaPrototype/sprarkprototype/,sprarkprototype)), Zero, Zero, Zero),update)))), tpe=Error, msg=None, causes=List(Incomplete(node=Some(Task((tags: Map(Tag(update) -> 1, Tag(network) -> 1), taskDefinitionKey: ScopedKey(Scope(Select(ProjectRef(file:/media/benjamin/1TB_Storage/Project_BigData/Group-12-DAAB/Prototypes/SparkExtractScalaPrototype/sprarkprototype/,sprarkprototype)), Zero, Zero, Zero),update)))), tpe=Error, msg=None, causes=List(), directCause=Some(java.lang.RuntimeException: found version conflict(s) in library dependencies; some are suspected to be binary incompatible:
2022.10.17 12:54:25 INFO  [error] 
2022.10.17 12:54:25 INFO  [error] 	* org.scala-lang.modules:scala-parser-combinators_2.13:2.1.1 (early-semver) is selected over 1.1.2
2022.10.17 12:54:25 INFO  [error] 	    +- ch.epfl.scala:hello-world_2.13:1.0                 (depends on 2.1.1)
2022.10.17 12:54:25 INFO  [error] 	    +- org.apache.spark:spark-catalyst_2.13:3.3.0         (depends on 1.1.2)
2022.10.17 12:54:25 INFO  [error] 
2022.10.17 12:54:25 INFO  [error] 
2022.10.17 12:54:25 INFO  [error] this can be overridden using libraryDependencySchemes or evictionErrorLevel))), directCause=None)), directCause=None)), directCause=None)), directCause=None)
2022.10.17 12:54:25 INFO  [warn] Removed stale /media/benjamin/1TB_Storage/Project_BigData/Group-12-DAAB/Prototypes/SparkExtractScalaPrototype/sprarkprototype/.bloop/sprarkprototype.json
2022.10.17 12:54:25 INFO  [warn] Removed stale /media/benjamin/1TB_Storage/Project_BigData/Group-12-DAAB/Prototypes/SparkExtractScalaPrototype/sprarkprototype/.bloop/sprarkprototype-test.json
2022.10.17 12:54:25 INFO  [success] Total time: 5 s, completed Oct 17, 2022, 12:54:25 PM
2022.10.17 12:54:26 INFO  time: ran 'sbt bloopInstall' in 13s
2022.10.17 12:54:26 INFO  Disconnecting from Bloop session...
2022.10.17 12:54:26 INFO  Shut down connection with build server.
2022.10.17 12:54:26 INFO  Shut down connection with build server.
2022.10.17 12:54:26 INFO  Attempting to connect to the build server...
2022.10.17 12:54:26 INFO  Bloop uses /usr/lib/jvm/java-17-openjdk-amd64 defined at /home/benjamin/.bloop/bloop.json
2022.10.17 12:54:26 INFO  tracing is disabled for protocol BSP, to enable tracing of incoming and outgoing JSON messages create an empty file at /media/benjamin/1TB_Storage/Project_BigData/Group-12-DAAB/Prototypes/SparkExtractScalaPrototype/sprarkprototype/.metals/bsp.trace.json or /home/benjamin/.cache/metals/bsp.trace.json
2022.10.17 12:54:26 INFO  Attempting to connect to the build server...
2022.10.17 12:54:26 INFO  Bloop uses /usr/lib/jvm/java-17-openjdk-amd64 defined at /home/benjamin/.bloop/bloop.json
2022.10.17 12:54:26 INFO  tracing is disabled for protocol BSP, to enable tracing of incoming and outgoing JSON messages create an empty file at /media/benjamin/1TB_Storage/Project_BigData/Group-12-DAAB/Prototypes/SparkExtractScalaPrototype/sprarkprototype/project/.metals/bsp.trace.json or /home/benjamin/.cache/metals/bsp.trace.json
2022.10.17 12:54:26 INFO  time: Connected to build server in 0.14s
2022.10.17 12:54:26 INFO  Connected to Build server: Bloop v1.5.4
2022.10.17 12:54:26 ERROR Empty build targets. Expected at least one build target identifier.
2022.10.17 12:54:26 ERROR Empty build targets. Expected at least one build target identifier.
2022.10.17 12:54:26 ERROR Empty build targets. Expected at least one build target identifier.
2022.10.17 12:54:26 ERROR Empty build targets. Expected at least one build target identifier.
2022.10.17 12:54:27 WARN  Could not find java sources in /usr/lib/jvm/src.zip, /usr/lib/jvm/lib/src.zip, /usr/lib/jvm/java-17-openjdk-amd64/src.zip, /usr/lib/jvm/java-17-openjdk-amd64/lib/src.zip. Java symbols will not be available.
2022.10.17 12:54:27 WARN  Could not find java sources in /usr/lib/jvm/src.zip, /usr/lib/jvm/lib/src.zip, /usr/lib/jvm/java-17-openjdk-amd64/src.zip, /usr/lib/jvm/java-17-openjdk-amd64/lib/src.zip. Java symbols will not be available.
2022.10.17 12:54:27 WARN  Could not find java sources in /usr/lib/jvm/src.zip, /usr/lib/jvm/lib/src.zip, /usr/lib/jvm/java-17-openjdk-amd64/src.zip, /usr/lib/jvm/java-17-openjdk-amd64/lib/src.zip. Java symbols will not be available.
2022.10.17 12:54:27 INFO  time: indexed workspace in 1.48s
2022.10.17 12:54:27 WARN  no build target for: /media/benjamin/1TB_Storage/Project_BigData/Group-12-DAAB/Prototypes/SparkExtractScalaPrototype/sprarkprototype/src/main/scala/Main.scala
2022.10.17 12:54:29 INFO  time: code lens generation in 1.08s
2022.10.17 12:54:49 WARN  no build target for: /media/benjamin/1TB_Storage/Project_BigData/Group-12-DAAB/Prototypes/SparkExtractScalaPrototype/sprarkprototype/src/main/scala/Main.scala
2022.10.17 12:57:25 INFO  running '/usr/lib/jvm/java-17-openjdk-amd64/bin/java -Djline.terminal=jline.UnsupportedTerminal -Dsbt.log.noformat=true -Dfile.encoding=UTF-8 -jar /tmp/metals17661756110851135024/sbt-launch.jar -Dbloop.export-jar-classifiers=sources bloopInstall'
2022.10.17 12:57:26 INFO  [info] welcome to sbt 1.7.1 (Private Build Java 17.0.4)
2022.10.17 12:57:27 INFO  [info] loading global plugins from /home/benjamin/.sbt/1.0/plugins
2022.10.17 12:57:28 INFO  [info] loading settings for project sprarkprototype-build-build from metals.sbt ...
2022.10.17 12:57:28 INFO  [info] loading project definition from /media/benjamin/1TB_Storage/Project_BigData/Group-12-DAAB/Prototypes/SparkExtractScalaPrototype/sprarkprototype/project/project
2022.10.17 12:57:28 INFO  [info] loading settings for project sprarkprototype-build from metals.sbt ...
2022.10.17 12:57:28 INFO  [info] loading project definition from /media/benjamin/1TB_Storage/Project_BigData/Group-12-DAAB/Prototypes/SparkExtractScalaPrototype/sprarkprototype/project
2022.10.17 12:57:30 INFO  [success] Generated .bloop/sprarkprototype-build.json
2022.10.17 12:57:30 INFO  [success] Total time: 2 s, completed Oct 17, 2022, 12:57:30 PM
2022.10.17 12:57:32 INFO  [info] loading settings for project sprarkprototype from build.sbt ...
2022.10.17 12:57:32 INFO  [info] set current project to hello-world (in build file:/media/benjamin/1TB_Storage/Project_BigData/Group-12-DAAB/Prototypes/SparkExtractScalaPrototype/sprarkprototype/)
2022.10.17 12:57:39 INFO  [success] Generated .bloop/sprarkprototype.json
2022.10.17 12:57:39 INFO  [success] Generated .bloop/sprarkprototype-test.json
2022.10.17 12:57:39 INFO  [success] Total time: 7 s, completed Oct 17, 2022, 12:57:39 PM
2022.10.17 12:57:39 INFO  time: ran 'sbt bloopInstall' in 14s
2022.10.17 12:57:39 INFO  Disconnecting from Bloop session...
2022.10.17 12:57:39 INFO  Shut down connection with build server.
2022.10.17 12:57:39 INFO  Shut down connection with build server.
2022.10.17 12:57:39 INFO  Attempting to connect to the build server...
2022.10.17 12:57:39 INFO  Bloop uses /usr/lib/jvm/java-17-openjdk-amd64 defined at /home/benjamin/.bloop/bloop.json
2022.10.17 12:57:40 INFO  tracing is disabled for protocol BSP, to enable tracing of incoming and outgoing JSON messages create an empty file at /media/benjamin/1TB_Storage/Project_BigData/Group-12-DAAB/Prototypes/SparkExtractScalaPrototype/sprarkprototype/.metals/bsp.trace.json or /home/benjamin/.cache/metals/bsp.trace.json
2022.10.17 12:57:40 INFO  Attempting to connect to the build server...
2022.10.17 12:57:40 INFO  Bloop uses /usr/lib/jvm/java-17-openjdk-amd64 defined at /home/benjamin/.bloop/bloop.json
2022.10.17 12:57:40 INFO  tracing is disabled for protocol BSP, to enable tracing of incoming and outgoing JSON messages create an empty file at /media/benjamin/1TB_Storage/Project_BigData/Group-12-DAAB/Prototypes/SparkExtractScalaPrototype/sprarkprototype/project/.metals/bsp.trace.json or /home/benjamin/.cache/metals/bsp.trace.json
2022.10.17 12:57:39 INFO  time: Connected to build server in 0.15s
2022.10.17 12:57:39 INFO  Connected to Build server: Bloop v1.5.4
2022.10.17 12:57:42 WARN  Could not find java sources in /usr/lib/jvm/src.zip, /usr/lib/jvm/lib/src.zip, /usr/lib/jvm/java-17-openjdk-amd64/src.zip, /usr/lib/jvm/java-17-openjdk-amd64/lib/src.zip. Java symbols will not be available.
2022.10.17 12:57:42 WARN  Could not find java sources in /usr/lib/jvm/src.zip, /usr/lib/jvm/lib/src.zip, /usr/lib/jvm/java-17-openjdk-amd64/src.zip, /usr/lib/jvm/java-17-openjdk-amd64/lib/src.zip. Java symbols will not be available.
2022.10.17 12:57:42 WARN  Could not find java sources in /usr/lib/jvm/src.zip, /usr/lib/jvm/lib/src.zip, /usr/lib/jvm/java-17-openjdk-amd64/src.zip, /usr/lib/jvm/java-17-openjdk-amd64/lib/src.zip. Java symbols will not be available.
2022.10.17 12:57:42 INFO  time: indexed workspace in 2.94s
2022.10.17 12:57:45 INFO  time: code lens generation in 1.72s
2022.10.17 12:58:13 INFO  compiling sprarkprototype (1 scala source)
2022.10.17 12:58:13 INFO  time: compiled sprarkprototype in 0.86s
2022.10.17 12:59:28 INFO  Deduplicating compilation of sprarkprototype from bsp client 'Metals 0.11.9' (since 1m 48.154s)
2022.10.17 12:59:28 INFO  compiling sprarkprototype (1 scala source)
2022.10.17 12:59:28 INFO  compiling sprarkprototype (1 scala source)
2022.10.17 12:59:28 INFO  time: compiled sprarkprototype in 0.61s
2022.10.17 12:59:29 INFO  tracing is disabled for protocol dap-server, to enable tracing of incoming and outgoing JSON messages create an empty file at /media/benjamin/1TB_Storage/Project_BigData/Group-12-DAAB/Prototypes/SparkExtractScalaPrototype/sprarkprototype/.metals/dap-server.trace.json or /home/benjamin/.cache/metals/dap-server.trace.json
2022.10.17 12:59:30 INFO  tracing is disabled for protocol dap-client, to enable tracing of incoming and outgoing JSON messages create an empty file at /media/benjamin/1TB_Storage/Project_BigData/Group-12-DAAB/Prototypes/SparkExtractScalaPrototype/sprarkprototype/.metals/dap-client.trace.json or /home/benjamin/.cache/metals/dap-client.trace.json
2022.10.17 12:59:30 INFO  Starting debug proxy for [Main]
2022.10.17 12:59:31 INFO  Trying to attach to remote debuggee VM localhost:41589 .
2022.10.17 12:59:31 INFO  Attaching to debuggee VM succeeded.
2022.10.17 12:59:31 INFO  Closing debug server tcp://0.0.0.0:37459
2022.10.17 12:59:31 INFO  Canceling debug proxy for [Main]
2022.10.17 13:03:35 INFO  compiling sprarkprototype (1 scala source)
2022.10.17 13:03:35 WARN  1 deprecation (since 2.13.3); re-run with -deprecation for details
2022.10.17 13:03:35 INFO  time: compiled sprarkprototype in 0.74s
2022.10.17 13:05:32 INFO  compiling sprarkprototype (1 scala source)
2022.10.17 13:05:32 WARN  1 deprecation (since 2.13.3); re-run with -deprecation for details
2022.10.17 13:05:32 INFO  time: compiled sprarkprototype in 0.72s
2022.10.17 13:06:36 INFO  compiling sprarkprototype (1 scala source)
2022.10.17 13:06:36 WARN  1 deprecation (since 2.13.3); re-run with -deprecation for details
2022.10.17 13:06:36 INFO  time: compiled sprarkprototype in 0.66s
2022.10.17 13:11:11 INFO  compiling sprarkprototype (1 scala source)
2022.10.17 13:11:11 INFO  time: compiled sprarkprototype in 0.17s
2022.10.17 13:11:11 WARN  Could not load snapshot text for /media/benjamin/1TB_Storage/Project_BigData/Group-12-DAAB/Prototypes/SparkExtractScalaPrototype/sprarkprototype/src/main/scala/Main.scala
2022.10.17 13:11:26 WARN  Could not load snapshot text for /media/benjamin/1TB_Storage/Project_BigData/Group-12-DAAB/Prototypes/SparkExtractScalaPrototype/sprarkprototype/src/main/scala/Main.scala
2022.10.17 13:12:10 WARN  Could not load snapshot text for /media/benjamin/1TB_Storage/Project_BigData/Group-12-DAAB/Prototypes/SparkExtractScalaPrototype/sprarkprototype/src/main/scala/Main.scala
2022.10.17 13:12:13 WARN  Could not load snapshot text for /media/benjamin/1TB_Storage/Project_BigData/Group-12-DAAB/Prototypes/SparkExtractScalaPrototype/sprarkprototype/src/main/scala/Main.scala
2022.10.17 13:12:13 WARN  Could not load snapshot text for /media/benjamin/1TB_Storage/Project_BigData/Group-12-DAAB/Prototypes/SparkExtractScalaPrototype/sprarkprototype/src/main/scala/Main.scala
2022.10.17 13:12:14 WARN  Could not load snapshot text for /media/benjamin/1TB_Storage/Project_BigData/Group-12-DAAB/Prototypes/SparkExtractScalaPrototype/sprarkprototype/src/main/scala/Main.scala
2022.10.17 13:12:15 WARN  Could not load snapshot text for /media/benjamin/1TB_Storage/Project_BigData/Group-12-DAAB/Prototypes/SparkExtractScalaPrototype/sprarkprototype/src/main/scala/Main.scala
2022.10.17 13:12:23 WARN  Could not load snapshot text for /media/benjamin/1TB_Storage/Project_BigData/Group-12-DAAB/Prototypes/SparkExtractScalaPrototype/sprarkprototype/src/main/scala/Main.scala
2022.10.17 13:12:24 WARN  Could not load snapshot text for /media/benjamin/1TB_Storage/Project_BigData/Group-12-DAAB/Prototypes/SparkExtractScalaPrototype/sprarkprototype/src/main/scala/Main.scala
2022.10.17 13:12:24 WARN  Could not load snapshot text for /media/benjamin/1TB_Storage/Project_BigData/Group-12-DAAB/Prototypes/SparkExtractScalaPrototype/sprarkprototype/src/main/scala/Main.scala
2022.10.17 13:12:25 WARN  Could not load snapshot text for /media/benjamin/1TB_Storage/Project_BigData/Group-12-DAAB/Prototypes/SparkExtractScalaPrototype/sprarkprototype/src/main/scala/Main.scala
2022.10.17 13:12:28 WARN  Could not load snapshot text for /media/benjamin/1TB_Storage/Project_BigData/Group-12-DAAB/Prototypes/SparkExtractScalaPrototype/sprarkprototype/src/main/scala/Main.scala
2022.10.17 13:12:30 WARN  Could not load snapshot text for /media/benjamin/1TB_Storage/Project_BigData/Group-12-DAAB/Prototypes/SparkExtractScalaPrototype/sprarkprototype/src/main/scala/Main.scala
2022.10.17 13:12:40 WARN  Could not load snapshot text for /media/benjamin/1TB_Storage/Project_BigData/Group-12-DAAB/Prototypes/SparkExtractScalaPrototype/sprarkprototype/src/main/scala/Main.scala
2022.10.17 13:12:43 WARN  Could not load snapshot text for /media/benjamin/1TB_Storage/Project_BigData/Group-12-DAAB/Prototypes/SparkExtractScalaPrototype/sprarkprototype/src/main/scala/Main.scala
2022.10.17 13:12:44 WARN  Could not load snapshot text for /media/benjamin/1TB_Storage/Project_BigData/Group-12-DAAB/Prototypes/SparkExtractScalaPrototype/sprarkprototype/src/main/scala/Main.scala
2022.10.17 13:12:47 WARN  Could not load snapshot text for /media/benjamin/1TB_Storage/Project_BigData/Group-12-DAAB/Prototypes/SparkExtractScalaPrototype/sprarkprototype/src/main/scala/Main.scala
2022.10.17 13:12:59 WARN  Could not load snapshot text for /media/benjamin/1TB_Storage/Project_BigData/Group-12-DAAB/Prototypes/SparkExtractScalaPrototype/sprarkprototype/src/main/scala/Main.scala
Oct 17, 2022 1:13:01 PM org.eclipse.lsp4j.jsonrpc.RemoteEndpoint handleCancellation
WARNING: Unmatched cancel notification for request id 1031
2022.10.17 13:13:01 WARN  Could not load snapshot text for /media/benjamin/1TB_Storage/Project_BigData/Group-12-DAAB/Prototypes/SparkExtractScalaPrototype/sprarkprototype/src/main/scala/Main.scala
2022.10.17 13:13:04 WARN  Could not load snapshot text for /media/benjamin/1TB_Storage/Project_BigData/Group-12-DAAB/Prototypes/SparkExtractScalaPrototype/sprarkprototype/src/main/scala/Main.scala
2022.10.17 13:13:12 INFO  file:///media/benjamin/1TB_Storage/Project_BigData/Group-12-DAAB/Prototypes/SparkExtractScalaPrototype/sprarkprototype/src/main/scala/Main.scala:10:30: stale bloop error: value author is not a member of org.apache.spark.sql.DataFrame
  val dataByname = df.filter(df.author["name"] == name)
                             ^^^^^^^^^
2022.10.17 13:13:12 INFO  file:///media/benjamin/1TB_Storage/Project_BigData/Group-12-DAAB/Prototypes/SparkExtractScalaPrototype/sprarkprototype/src/main/scala/Main.scala:10:30: stale bloop error: value author is not a member of org.apache.spark.sql.DataFrame
  val dataByname = df.filter(df.author["name"] == name)
                             ^^^^^^^^^
2022.10.17 13:13:12 WARN  Could not load snapshot text for /media/benjamin/1TB_Storage/Project_BigData/Group-12-DAAB/Prototypes/SparkExtractScalaPrototype/sprarkprototype/src/main/scala/Main.scala
2022.10.17 13:13:13 WARN  Could not load snapshot text for /media/benjamin/1TB_Storage/Project_BigData/Group-12-DAAB/Prototypes/SparkExtractScalaPrototype/sprarkprototype/src/main/scala/Main.scala
2022.10.17 13:13:18 INFO  compiling sprarkprototype (1 scala source)
2022.10.17 13:13:18 INFO  time: compiled sprarkprototype in 0.18s
2022.10.17 13:13:19 WARN  Could not load snapshot text for /media/benjamin/1TB_Storage/Project_BigData/Group-12-DAAB/Prototypes/SparkExtractScalaPrototype/sprarkprototype/src/main/scala/Main.scala
2022.10.17 13:13:24 WARN  Could not load snapshot text for /media/benjamin/1TB_Storage/Project_BigData/Group-12-DAAB/Prototypes/SparkExtractScalaPrototype/sprarkprototype/src/main/scala/Main.scala
2022.10.17 13:13:25 WARN  Could not load snapshot text for /media/benjamin/1TB_Storage/Project_BigData/Group-12-DAAB/Prototypes/SparkExtractScalaPrototype/sprarkprototype/src/main/scala/Main.scala
2022.10.17 13:13:25 WARN  Could not load snapshot text for /media/benjamin/1TB_Storage/Project_BigData/Group-12-DAAB/Prototypes/SparkExtractScalaPrototype/sprarkprototype/src/main/scala/Main.scala
2022.10.17 13:13:26 WARN  Could not load snapshot text for /media/benjamin/1TB_Storage/Project_BigData/Group-12-DAAB/Prototypes/SparkExtractScalaPrototype/sprarkprototype/src/main/scala/Main.scala
2022.10.17 13:13:27 WARN  Could not load snapshot text for /media/benjamin/1TB_Storage/Project_BigData/Group-12-DAAB/Prototypes/SparkExtractScalaPrototype/sprarkprototype/src/main/scala/Main.scala
2022.10.17 13:13:27 INFO  compiling sprarkprototype (1 scala source)
2022.10.17 13:13:27 INFO  time: compiled sprarkprototype in 0.14s
2022.10.17 13:13:27 WARN  Could not load snapshot text for /media/benjamin/1TB_Storage/Project_BigData/Group-12-DAAB/Prototypes/SparkExtractScalaPrototype/sprarkprototype/src/main/scala/Main.scala
2022.10.17 13:13:42 WARN  Could not load snapshot text for /media/benjamin/1TB_Storage/Project_BigData/Group-12-DAAB/Prototypes/SparkExtractScalaPrototype/sprarkprototype/src/main/scala/Main.scala
2022.10.17 13:13:53 WARN  Could not load snapshot text for /media/benjamin/1TB_Storage/Project_BigData/Group-12-DAAB/Prototypes/SparkExtractScalaPrototype/sprarkprototype/src/main/scala/Main.scala
2022.10.17 13:13:58 WARN  Could not load snapshot text for /media/benjamin/1TB_Storage/Project_BigData/Group-12-DAAB/Prototypes/SparkExtractScalaPrototype/sprarkprototype/src/main/scala/Main.scala
2022.10.17 13:14:02 WARN  Could not load snapshot text for /media/benjamin/1TB_Storage/Project_BigData/Group-12-DAAB/Prototypes/SparkExtractScalaPrototype/sprarkprototype/src/main/scala/Main.scala
2022.10.17 13:14:05 WARN  Could not load snapshot text for /media/benjamin/1TB_Storage/Project_BigData/Group-12-DAAB/Prototypes/SparkExtractScalaPrototype/sprarkprototype/src/main/scala/Main.scala
2022.10.17 13:14:05 WARN  Could not load snapshot text for /media/benjamin/1TB_Storage/Project_BigData/Group-12-DAAB/Prototypes/SparkExtractScalaPrototype/sprarkprototype/src/main/scala/Main.scala
2022.10.17 13:14:06 WARN  Could not load snapshot text for /media/benjamin/1TB_Storage/Project_BigData/Group-12-DAAB/Prototypes/SparkExtractScalaPrototype/sprarkprototype/src/main/scala/Main.scala
2022.10.17 13:14:07 WARN  Could not load snapshot text for /media/benjamin/1TB_Storage/Project_BigData/Group-12-DAAB/Prototypes/SparkExtractScalaPrototype/sprarkprototype/src/main/scala/Main.scala
2022.10.17 13:14:21 WARN  Could not load snapshot text for /media/benjamin/1TB_Storage/Project_BigData/Group-12-DAAB/Prototypes/SparkExtractScalaPrototype/sprarkprototype/src/main/scala/Main.scala
2022.10.17 13:14:23 WARN  Could not load snapshot text for /media/benjamin/1TB_Storage/Project_BigData/Group-12-DAAB/Prototypes/SparkExtractScalaPrototype/sprarkprototype/src/main/scala/Main.scala
2022.10.17 13:14:24 WARN  Could not load snapshot text for /media/benjamin/1TB_Storage/Project_BigData/Group-12-DAAB/Prototypes/SparkExtractScalaPrototype/sprarkprototype/src/main/scala/Main.scala
2022.10.17 13:14:24 WARN  Could not load snapshot text for /media/benjamin/1TB_Storage/Project_BigData/Group-12-DAAB/Prototypes/SparkExtractScalaPrototype/sprarkprototype/src/main/scala/Main.scala
2022.10.17 13:14:24 WARN  Could not load snapshot text for /media/benjamin/1TB_Storage/Project_BigData/Group-12-DAAB/Prototypes/SparkExtractScalaPrototype/sprarkprototype/src/main/scala/Main.scala
2022.10.17 13:14:28 WARN  Could not load snapshot text for /media/benjamin/1TB_Storage/Project_BigData/Group-12-DAAB/Prototypes/SparkExtractScalaPrototype/sprarkprototype/src/main/scala/Main.scala
2022.10.17 13:14:28 WARN  Could not load snapshot text for /media/benjamin/1TB_Storage/Project_BigData/Group-12-DAAB/Prototypes/SparkExtractScalaPrototype/sprarkprototype/src/main/scala/Main.scala
2022.10.17 13:14:30 WARN  Could not load snapshot text for /media/benjamin/1TB_Storage/Project_BigData/Group-12-DAAB/Prototypes/SparkExtractScalaPrototype/sprarkprototype/src/main/scala/Main.scala
2022.10.17 13:14:31 WARN  Could not load snapshot text for /media/benjamin/1TB_Storage/Project_BigData/Group-12-DAAB/Prototypes/SparkExtractScalaPrototype/sprarkprototype/src/main/scala/Main.scala
2022.10.17 13:14:31 WARN  Could not load snapshot text for /media/benjamin/1TB_Storage/Project_BigData/Group-12-DAAB/Prototypes/SparkExtractScalaPrototype/sprarkprototype/src/main/scala/Main.scala
2022.10.17 13:14:31 WARN  Could not load snapshot text for /media/benjamin/1TB_Storage/Project_BigData/Group-12-DAAB/Prototypes/SparkExtractScalaPrototype/sprarkprototype/src/main/scala/Main.scala
2022.10.17 13:14:32 WARN  Could not load snapshot text for /media/benjamin/1TB_Storage/Project_BigData/Group-12-DAAB/Prototypes/SparkExtractScalaPrototype/sprarkprototype/src/main/scala/Main.scala
2022.10.17 13:14:32 WARN  Could not load snapshot text for /media/benjamin/1TB_Storage/Project_BigData/Group-12-DAAB/Prototypes/SparkExtractScalaPrototype/sprarkprototype/src/main/scala/Main.scala
2022.10.17 13:14:35 WARN  Could not load snapshot text for /media/benjamin/1TB_Storage/Project_BigData/Group-12-DAAB/Prototypes/SparkExtractScalaPrototype/sprarkprototype/src/main/scala/Main.scala
2022.10.17 13:14:36 INFO  compiling sprarkprototype (1 scala source)
2022.10.17 13:14:36 INFO  time: compiled sprarkprototype in 0.14s
2022.10.17 13:14:37 WARN  Could not load snapshot text for /media/benjamin/1TB_Storage/Project_BigData/Group-12-DAAB/Prototypes/SparkExtractScalaPrototype/sprarkprototype/src/main/scala/Main.scala
2022.10.17 13:14:38 WARN  Could not load snapshot text for /media/benjamin/1TB_Storage/Project_BigData/Group-12-DAAB/Prototypes/SparkExtractScalaPrototype/sprarkprototype/src/main/scala/Main.scala
2022.10.17 13:14:52 WARN  Could not load snapshot text for /media/benjamin/1TB_Storage/Project_BigData/Group-12-DAAB/Prototypes/SparkExtractScalaPrototype/sprarkprototype/src/main/scala/Main.scala
2022.10.17 13:14:55 WARN  Could not load snapshot text for /media/benjamin/1TB_Storage/Project_BigData/Group-12-DAAB/Prototypes/SparkExtractScalaPrototype/sprarkprototype/src/main/scala/Main.scala
2022.10.17 13:14:56 WARN  Could not load snapshot text for /media/benjamin/1TB_Storage/Project_BigData/Group-12-DAAB/Prototypes/SparkExtractScalaPrototype/sprarkprototype/src/main/scala/Main.scala
2022.10.17 13:14:57 WARN  Could not load snapshot text for /media/benjamin/1TB_Storage/Project_BigData/Group-12-DAAB/Prototypes/SparkExtractScalaPrototype/sprarkprototype/src/main/scala/Main.scala
2022.10.17 13:14:58 WARN  Could not load snapshot text for /media/benjamin/1TB_Storage/Project_BigData/Group-12-DAAB/Prototypes/SparkExtractScalaPrototype/sprarkprototype/src/main/scala/Main.scala
2022.10.17 13:14:59 WARN  Could not load snapshot text for /media/benjamin/1TB_Storage/Project_BigData/Group-12-DAAB/Prototypes/SparkExtractScalaPrototype/sprarkprototype/src/main/scala/Main.scala
2022.10.17 13:15:01 WARN  Could not load snapshot text for /media/benjamin/1TB_Storage/Project_BigData/Group-12-DAAB/Prototypes/SparkExtractScalaPrototype/sprarkprototype/src/main/scala/Main.scala
2022.10.17 13:15:01 INFO  compiling sprarkprototype (1 scala source)
2022.10.17 13:15:01 INFO  time: compiled sprarkprototype in 0.14s
2022.10.17 13:15:02 WARN  Could not load snapshot text for /media/benjamin/1TB_Storage/Project_BigData/Group-12-DAAB/Prototypes/SparkExtractScalaPrototype/sprarkprototype/src/main/scala/Main.scala
2022.10.17 13:15:44 WARN  Could not load snapshot text for /media/benjamin/1TB_Storage/Project_BigData/Group-12-DAAB/Prototypes/SparkExtractScalaPrototype/sprarkprototype/src/main/scala/Main.scala
2022.10.17 13:15:46 WARN  Could not load snapshot text for /media/benjamin/1TB_Storage/Project_BigData/Group-12-DAAB/Prototypes/SparkExtractScalaPrototype/sprarkprototype/src/main/scala/Main.scala
2022.10.17 13:15:54 WARN  Could not load snapshot text for /media/benjamin/1TB_Storage/Project_BigData/Group-12-DAAB/Prototypes/SparkExtractScalaPrototype/sprarkprototype/src/main/scala/Main.scala
2022.10.17 13:15:56 WARN  Could not load snapshot text for /media/benjamin/1TB_Storage/Project_BigData/Group-12-DAAB/Prototypes/SparkExtractScalaPrototype/sprarkprototype/src/main/scala/Main.scala
2022.10.17 13:15:56 INFO  compiling sprarkprototype (1 scala source)
2022.10.17 13:15:56 INFO  time: compiled sprarkprototype in 0.13s
2022.10.17 13:15:56 WARN  Could not load snapshot text for /media/benjamin/1TB_Storage/Project_BigData/Group-12-DAAB/Prototypes/SparkExtractScalaPrototype/sprarkprototype/src/main/scala/Main.scala
2022.10.17 13:16:00 WARN  Could not load snapshot text for /media/benjamin/1TB_Storage/Project_BigData/Group-12-DAAB/Prototypes/SparkExtractScalaPrototype/sprarkprototype/src/main/scala/Main.scala
2022.10.17 13:16:01 WARN  Could not load snapshot text for /media/benjamin/1TB_Storage/Project_BigData/Group-12-DAAB/Prototypes/SparkExtractScalaPrototype/sprarkprototype/src/main/scala/Main.scala
2022.10.17 13:16:02 WARN  Could not load snapshot text for /media/benjamin/1TB_Storage/Project_BigData/Group-12-DAAB/Prototypes/SparkExtractScalaPrototype/sprarkprototype/src/main/scala/Main.scala
2022.10.17 13:16:05 WARN  Could not load snapshot text for /media/benjamin/1TB_Storage/Project_BigData/Group-12-DAAB/Prototypes/SparkExtractScalaPrototype/sprarkprototype/src/main/scala/Main.scala
2022.10.17 13:16:09 WARN  Could not load snapshot text for /media/benjamin/1TB_Storage/Project_BigData/Group-12-DAAB/Prototypes/SparkExtractScalaPrototype/sprarkprototype/src/main/scala/Main.scala
2022.10.17 13:16:10 INFO  compiling sprarkprototype (1 scala source)
2022.10.17 13:16:10 INFO  time: compiled sprarkprototype in 0.12s
2022.10.17 13:16:10 WARN  Could not load snapshot text for /media/benjamin/1TB_Storage/Project_BigData/Group-12-DAAB/Prototypes/SparkExtractScalaPrototype/sprarkprototype/src/main/scala/Main.scala
2022.10.17 13:16:33 WARN  Could not load snapshot text for /media/benjamin/1TB_Storage/Project_BigData/Group-12-DAAB/Prototypes/SparkExtractScalaPrototype/sprarkprototype/src/main/scala/Main.scala
2022.10.17 13:16:34 WARN  Could not load snapshot text for /media/benjamin/1TB_Storage/Project_BigData/Group-12-DAAB/Prototypes/SparkExtractScalaPrototype/sprarkprototype/src/main/scala/Main.scala
2022.10.17 13:16:35 WARN  Could not load snapshot text for /media/benjamin/1TB_Storage/Project_BigData/Group-12-DAAB/Prototypes/SparkExtractScalaPrototype/sprarkprototype/src/main/scala/Main.scala
2022.10.17 13:16:36 WARN  Could not load snapshot text for /media/benjamin/1TB_Storage/Project_BigData/Group-12-DAAB/Prototypes/SparkExtractScalaPrototype/sprarkprototype/src/main/scala/Main.scala
2022.10.17 13:16:38 WARN  Could not load snapshot text for /media/benjamin/1TB_Storage/Project_BigData/Group-12-DAAB/Prototypes/SparkExtractScalaPrototype/sprarkprototype/src/main/scala/Main.scala
2022.10.17 13:16:38 WARN  Could not load snapshot text for /media/benjamin/1TB_Storage/Project_BigData/Group-12-DAAB/Prototypes/SparkExtractScalaPrototype/sprarkprototype/src/main/scala/Main.scala
2022.10.17 13:16:38 WARN  Could not load snapshot text for /media/benjamin/1TB_Storage/Project_BigData/Group-12-DAAB/Prototypes/SparkExtractScalaPrototype/sprarkprototype/src/main/scala/Main.scala
2022.10.17 13:16:41 WARN  Could not load snapshot text for /media/benjamin/1TB_Storage/Project_BigData/Group-12-DAAB/Prototypes/SparkExtractScalaPrototype/sprarkprototype/src/main/scala/Main.scala
2022.10.17 13:16:42 WARN  Could not load snapshot text for /media/benjamin/1TB_Storage/Project_BigData/Group-12-DAAB/Prototypes/SparkExtractScalaPrototype/sprarkprototype/src/main/scala/Main.scala
2022.10.17 13:16:43 WARN  Could not load snapshot text for /media/benjamin/1TB_Storage/Project_BigData/Group-12-DAAB/Prototypes/SparkExtractScalaPrototype/sprarkprototype/src/main/scala/Main.scala
2022.10.17 13:16:44 WARN  Could not load snapshot text for /media/benjamin/1TB_Storage/Project_BigData/Group-12-DAAB/Prototypes/SparkExtractScalaPrototype/sprarkprototype/src/main/scala/Main.scala
2022.10.17 13:16:45 WARN  Could not load snapshot text for /media/benjamin/1TB_Storage/Project_BigData/Group-12-DAAB/Prototypes/SparkExtractScalaPrototype/sprarkprototype/src/main/scala/Main.scala
2022.10.17 13:16:45 WARN  Could not load snapshot text for /media/benjamin/1TB_Storage/Project_BigData/Group-12-DAAB/Prototypes/SparkExtractScalaPrototype/sprarkprototype/src/main/scala/Main.scala
2022.10.17 13:16:47 WARN  Could not load snapshot text for /media/benjamin/1TB_Storage/Project_BigData/Group-12-DAAB/Prototypes/SparkExtractScalaPrototype/sprarkprototype/src/main/scala/Main.scala
2022.10.17 13:16:47 INFO  compiling sprarkprototype (1 scala source)
2022.10.17 13:16:47 WARN  1 deprecation (since 2.13.3); re-run with -deprecation for details
2022.10.17 13:16:47 INFO  time: compiled sprarkprototype in 0.67s
Oct 17, 2022 1:23:20 PM org.eclipse.lsp4j.jsonrpc.RemoteEndpoint handleCancellation
WARNING: Unmatched cancel notification for request id 2109
2022.10.17 13:23:27 INFO  compiling sprarkprototype (1 scala source)
2022.10.17 13:23:27 INFO  time: compiled sprarkprototype in 0.14s
2022.10.17 13:23:38 INFO  compiling sprarkprototype (1 scala source)
2022.10.17 13:23:38 WARN  1 deprecation (since 2.13.3); re-run with -deprecation for details
2022.10.17 13:23:38 INFO  time: compiled sprarkprototype in 0.6s
